\BOOKMARK [0][-]{chapter*.4}{\376\377\000C\000o\000n\000t\000e\000n\000t\000s}{}% 1
\BOOKMARK [0][-]{chapter*.5}{\376\377\000L\000i\000s\000t\000\040\000o\000f\000\040\000F\000i\000g\000u\000r\000e\000s}{}% 2
\BOOKMARK [0][-]{chapter*.6}{\376\377\000L\000i\000s\000t\000\040\000o\000f\000\040\000T\000a\000b\000l\000e\000s}{}% 3
\BOOKMARK [0][-]{chapter*.7}{\376\377\000A\000b\000s\000t\000r\000a\000c\000t}{}% 4
\BOOKMARK [0][-]{chapter.1}{\376\377\000I\000n\000t\000r\000o\000d\000u\000c\000t\000i\000o\000n}{}% 5
\BOOKMARK [1][-]{section.1.1}{\376\377\000B\000a\000c\000k\000g\000r\000o\000u\000n\000d}{chapter.1}% 6
\BOOKMARK [1][-]{section.1.2}{\376\377\000M\000o\000t\000i\000v\000a\000t\000i\000o\000n}{chapter.1}% 7
\BOOKMARK [1][-]{section.1.3}{\376\377\000O\000b\000j\000e\000c\000t\000i\000v\000e\000s}{chapter.1}% 8
\BOOKMARK [0][-]{chapter.2}{\376\377\000P\000r\000o\000b\000l\000e\000m\000\040\000D\000e\000f\000i\000n\000i\000t\000i\000o\000n\000\040\000a\000n\000d\000\040\000S\000y\000s\000t\000e\000m\000\040\000R\000e\000q\000u\000i\000r\000e\000m\000e\000n\000t\000s}{}% 9
\BOOKMARK [1][-]{section.2.1}{\376\377\000P\000r\000o\000b\000l\000e\000m\000\040\000D\000e\000f\000i\000n\000i\000t\000i\000o\000n}{chapter.2}% 10
\BOOKMARK [1][-]{section.2.2}{\376\377\000F\000u\000n\000c\000t\000i\000o\000n\000a\000l\000\040\000R\000e\000q\000u\000i\000r\000e\000m\000e\000n\000t\000s}{chapter.2}% 11
\BOOKMARK [1][-]{section.2.3}{\376\377\000N\000o\000n\000-\000F\000u\000n\000c\000t\000i\000o\000n\000a\000l\000\040\000R\000e\000q\000u\000i\000r\000e\000m\000e\000n\000t\000s}{chapter.2}% 12
\BOOKMARK [0][-]{chapter.3}{\376\377\000L\000i\000t\000e\000r\000a\000t\000u\000r\000e\000\040\000R\000e\000v\000i\000e\000w}{}% 13
\BOOKMARK [1][-]{section.3.1}{\376\377\000T\000r\000a\000d\000i\000t\000i\000o\000n\000a\000l\000\040\000S\000i\000g\000n\000a\000l\000\040\000P\000r\000o\000c\000e\000s\000s\000i\000n\000g\000\040\000A\000p\000p\000r\000o\000a\000c\000h\000e\000s}{chapter.3}% 14
\BOOKMARK [1][-]{section.3.2}{\376\377\000T\000e\000m\000p\000o\000r\000a\000l\000\040\000M\000o\000d\000e\000l\000i\000n\000g\000\040\000T\000e\000c\000h\000n\000i\000q\000u\000e\000s}{chapter.3}% 15
\BOOKMARK [1][-]{section.3.3}{\376\377\000D\000e\000e\000p\000\040\000L\000e\000a\000r\000n\000i\000n\000g\000-\000B\000a\000s\000e\000d\000\040\000M\000e\000t\000h\000o\000d\000s}{chapter.3}% 16
\BOOKMARK [1][-]{section.3.4}{\376\377\000T\000r\000a\000n\000s\000f\000e\000r\000\040\000L\000e\000a\000r\000n\000i\000n\000g\000\040\000f\000o\000r\000\040\000A\000u\000d\000i\000o\000\040\000C\000l\000a\000s\000s\000i\000f\000i\000c\000a\000t\000i\000o\000n}{chapter.3}% 17
\BOOKMARK [1][-]{section.3.5}{\376\377\000R\000e\000s\000e\000a\000r\000c\000h\000\040\000G\000a\000p\000\040\000a\000n\000d\000\040\000M\000o\000t\000i\000v\000a\000t\000i\000o\000n}{chapter.3}% 18
\BOOKMARK [1][-]{section.3.6}{\376\377\000M\000o\000d\000u\000l\000e\000\040\000D\000e\000s\000c\000r\000i\000p\000t\000i\000o\000n}{chapter.3}% 19
\BOOKMARK [2][-]{subsection.3.6.1}{\376\377\000A\000u\000d\000i\000o\000\040\000A\000c\000q\000u\000i\000s\000i\000t\000i\000o\000n\000\040\000M\000o\000d\000u\000l\000e}{section.3.6}% 20
\BOOKMARK [2][-]{subsection.3.6.2}{\376\377\000P\000r\000e\000p\000r\000o\000c\000e\000s\000s\000i\000n\000g\000\040\000M\000o\000d\000u\000l\000e}{section.3.6}% 21
\BOOKMARK [2][-]{subsection.3.6.3}{\376\377\000F\000e\000a\000t\000u\000r\000e\000\040\000E\000x\000t\000r\000a\000c\000t\000i\000o\000n\000\040\000M\000o\000d\000u\000l\000e}{section.3.6}% 22
\BOOKMARK [2][-]{subsection.3.6.4}{\376\377\000E\000m\000b\000e\000d\000d\000i\000n\000g\000\040\000E\000x\000t\000r\000a\000c\000t\000i\000o\000n\000\040\000M\000o\000d\000u\000l\000e}{section.3.6}% 23
\BOOKMARK [2][-]{subsection.3.6.5}{\376\377\000C\000l\000a\000s\000s\000i\000f\000i\000c\000a\000t\000i\000o\000n\000\040\000M\000o\000d\000u\000l\000e}{section.3.6}% 24
\BOOKMARK [2][-]{subsection.3.6.6}{\376\377\000A\000l\000e\000r\000t\000\040\000a\000n\000d\000\040\000R\000e\000s\000p\000o\000n\000s\000e\000\040\000M\000o\000d\000u\000l\000e}{section.3.6}% 25
\BOOKMARK [0][-]{chapter.4}{\376\377\000D\000a\000t\000a\000s\000e\000t\000\040\000C\000o\000l\000l\000e\000c\000t\000i\000o\000n\000\040\000a\000n\000d\000\040\000P\000r\000e\000p\000a\000r\000a\000t\000i\000o\000n}{}% 26
\BOOKMARK [1][-]{section.4.1}{\376\377\000I\000m\000p\000o\000r\000t\000a\000n\000c\000e\000\040\000o\000f\000\040\000D\000a\000t\000a\000s\000e\000t\000\040\000Q\000u\000a\000l\000i\000t\000y}{chapter.4}% 27
\BOOKMARK [1][-]{section.4.2}{\376\377\000G\000u\000n\000s\000h\000o\000t\000\040\000A\000u\000d\000i\000o\000\040\000S\000o\000u\000r\000c\000e\000s}{chapter.4}% 28
\BOOKMARK [1][-]{section.4.3}{\376\377\000N\000o\000n\000-\000G\000u\000n\000s\000h\000o\000t\000\040\000A\000u\000d\000i\000o\000\040\000S\000o\000u\000r\000c\000e\000s}{chapter.4}% 29
\BOOKMARK [1][-]{section.4.4}{\376\377\000D\000a\000t\000a\000s\000e\000t\000\040\000S\000t\000a\000t\000i\000s\000t\000i\000c\000s\000\040\000a\000n\000d\000\040\000C\000l\000a\000s\000s\000\040\000B\000a\000l\000a\000n\000c\000i\000n\000g}{chapter.4}% 30
\BOOKMARK [1][-]{section.4.5}{\376\377\000A\000u\000d\000i\000o\000\040\000P\000r\000e\000p\000r\000o\000c\000e\000s\000s\000i\000n\000g\000\040\000P\000i\000p\000e\000l\000i\000n\000e}{chapter.4}% 31
\BOOKMARK [0][-]{chapter.5}{\376\377\000F\000e\000a\000t\000u\000r\000e\000\040\000E\000x\000t\000r\000a\000c\000t\000i\000o\000n}{}% 32
\BOOKMARK [1][-]{section.5.1}{\376\377\000L\000o\000g\000-\000M\000e\000l\000\040\000S\000p\000e\000c\000t\000r\000o\000g\000r\000a\000m\000\040\000R\000e\000p\000r\000e\000s\000e\000n\000t\000a\000t\000i\000o\000n}{chapter.5}% 33
\BOOKMARK [1][-]{section.5.2}{\376\377\000A\000d\000v\000a\000n\000t\000a\000g\000e\000s\000\040\000o\000f\000\040\000L\000o\000g\000-\000M\000e\000l\000\040\000F\000e\000a\000t\000u\000r\000e\000s\000\040\000f\000o\000r\000\040\000G\000u\000n\000s\000h\000o\000t\000\040\000D\000e\000t\000e\000c\000t\000i\000o\000n}{chapter.5}% 34
\BOOKMARK [1][-]{section.5.3}{\376\377\000C\000o\000m\000p\000a\000r\000i\000s\000o\000n\000\040\000w\000i\000t\000h\000\040\000M\000F\000C\000C\000\040\000F\000e\000a\000t\000u\000r\000e\000s}{chapter.5}% 35
\BOOKMARK [1][-]{section.5.4}{\376\377\000I\000n\000t\000e\000g\000r\000a\000t\000i\000o\000n\000\040\000w\000i\000t\000h\000\040\000C\000N\000N\0001\0004\000\040\000E\000m\000b\000e\000d\000d\000i\000n\000g\000\040\000N\000e\000t\000w\000o\000r\000k}{chapter.5}% 36
\BOOKMARK [0][-]{chapter.6}{\376\377\000A\000l\000g\000o\000r\000i\000t\000h\000m\000\040\000D\000e\000s\000c\000r\000i\000p\000t\000i\000o\000n}{}% 37
\BOOKMARK [1][-]{section.6.1}{\376\377\000D\000e\000t\000e\000c\000t\000i\000o\000n\000\040\000A\000l\000g\000o\000r\000i\000t\000h\000m}{chapter.6}% 38
\BOOKMARK [2][-]{subsection.6.1.1}{\376\377\000A\000u\000d\000i\000o\000\040\000C\000a\000p\000t\000u\000r\000e}{section.6.1}% 39
\BOOKMARK [2][-]{subsection.6.1.2}{\376\377\000S\000e\000g\000m\000e\000n\000t\000a\000t\000i\000o\000n\000\040\000i\000n\000t\000o\000\040\000W\000i\000n\000d\000o\000w\000s}{section.6.1}% 40
\BOOKMARK [2][-]{subsection.6.1.3}{\376\377\000A\000u\000d\000i\000o\000\040\000P\000r\000e\000p\000r\000o\000c\000e\000s\000s\000i\000n\000g}{section.6.1}% 41
\BOOKMARK [2][-]{subsection.6.1.4}{\376\377\000F\000e\000a\000t\000u\000r\000e\000\040\000E\000x\000t\000r\000a\000c\000t\000i\000o\000n}{section.6.1}% 42
\BOOKMARK [2][-]{subsection.6.1.5}{\376\377\000E\000m\000b\000e\000d\000d\000i\000n\000g\000\040\000G\000e\000n\000e\000r\000a\000t\000i\000o\000n}{section.6.1}% 43
\BOOKMARK [2][-]{subsection.6.1.6}{\376\377\000C\000l\000a\000s\000s\000i\000f\000i\000c\000a\000t\000i\000o\000n\000\040\000a\000n\000d\000\040\000A\000l\000e\000r\000t\000\040\000G\000e\000n\000e\000r\000a\000t\000i\000o\000n}{section.6.1}% 44
\BOOKMARK [2][-]{subsection.6.1.7}{\376\377\000O\000v\000e\000r\000a\000l\000l\000\040\000A\000l\000g\000o\000r\000i\000t\000h\000m\000\040\000F\000l\000o\000w\000c\000h\000a\000r\000t}{section.6.1}% 45
\BOOKMARK [0][-]{chapter.7}{\376\377\000M\000a\000t\000h\000e\000m\000a\000t\000i\000c\000a\000l\000\040\000F\000o\000r\000m\000u\000l\000a\000t\000i\000o\000n}{}% 46
\BOOKMARK [1][-]{section.7.1}{\376\377\000S\000h\000o\000r\000t\000-\000T\000i\000m\000e\000\040\000F\000o\000u\000r\000i\000e\000r\000\040\000T\000r\000a\000n\000s\000f\000o\000r\000m\000\040\000\050\000S\000T\000F\000T\000\051}{chapter.7}% 47
\BOOKMARK [1][-]{section.7.2}{\376\377\000M\000e\000l\000\040\000F\000i\000l\000t\000e\000r\000\040\000B\000a\000n\000k\000\040\000a\000n\000d\000\040\000L\000o\000g\000-\000M\000e\000l\000\040\000S\000p\000e\000c\000t\000r\000o\000g\000r\000a\000m}{chapter.7}% 48
\BOOKMARK [1][-]{section.7.3}{\376\377\000C\000N\000N\0001\0004\000\040\000E\000m\000b\000e\000d\000d\000i\000n\000g\000\040\000M\000a\000p\000p\000i\000n\000g}{chapter.7}% 49
\BOOKMARK [1][-]{section.7.4}{\376\377\000B\000i\000n\000a\000r\000y\000\040\000C\000l\000a\000s\000s\000i\000f\000i\000c\000a\000t\000i\000o\000n\000\040\000M\000o\000d\000e\000l}{chapter.7}% 50
\BOOKMARK [1][-]{section.7.5}{\376\377\000L\000o\000s\000s\000\040\000F\000u\000n\000c\000t\000i\000o\000n}{chapter.7}% 51
\BOOKMARK [0][-]{chapter.8}{\376\377\000T\000r\000a\000i\000n\000i\000n\000g\000\040\000M\000e\000t\000h\000o\000d\000o\000l\000o\000g\000y}{}% 52
\BOOKMARK [1][-]{section.8.1}{\376\377\000D\000a\000t\000a\000s\000e\000t\000\040\000S\000p\000l\000i\000t\000t\000i\000n\000g\000\040\000S\000t\000r\000a\000t\000e\000g\000y}{chapter.8}% 53
\BOOKMARK [1][-]{section.8.2}{\376\377\000M\000o\000d\000e\000l\000\040\000I\000n\000i\000t\000i\000a\000l\000i\000z\000a\000t\000i\000o\000n\000\040\000a\000n\000d\000\040\000T\000r\000a\000n\000s\000f\000e\000r\000\040\000L\000e\000a\000r\000n\000i\000n\000g}{chapter.8}% 54
\BOOKMARK [1][-]{section.8.3}{\376\377\000T\000r\000a\000i\000n\000i\000n\000g\000\040\000P\000r\000o\000c\000e\000d\000u\000r\000e}{chapter.8}% 55
\BOOKMARK [1][-]{section.8.4}{\376\377\000R\000e\000g\000u\000l\000a\000r\000i\000z\000a\000t\000i\000o\000n\000\040\000T\000e\000c\000h\000n\000i\000q\000u\000e\000s}{chapter.8}% 56
\BOOKMARK [1][-]{section.8.5}{\376\377\000P\000e\000r\000f\000o\000r\000m\000a\000n\000c\000e\000\040\000M\000o\000n\000i\000t\000o\000r\000i\000n\000g}{chapter.8}% 57
\BOOKMARK [1][-]{section.8.6}{\376\377\000T\000r\000a\000i\000n\000i\000n\000g\000\040\000S\000u\000m\000m\000a\000r\000y}{chapter.8}% 58
\BOOKMARK [0][-]{chapter.9}{\376\377\000E\000x\000p\000e\000r\000i\000m\000e\000n\000t\000s\000\040\000a\000n\000d\000\040\000R\000e\000s\000u\000l\000t\000s}{}% 59
\BOOKMARK [1][-]{section.9.1}{\376\377\000E\000x\000p\000e\000r\000i\000m\000e\000n\000t\000a\000l\000\040\000S\000e\000t\000u\000p}{chapter.9}% 60
\BOOKMARK [1][-]{section.9.2}{\376\377\000E\000v\000a\000l\000u\000a\000t\000i\000o\000n\000\040\000M\000e\000t\000r\000i\000c\000s}{chapter.9}% 61
\BOOKMARK [1][-]{section.9.3}{\376\377\000T\000r\000a\000i\000n\000i\000n\000g\000\040\000P\000e\000r\000f\000o\000r\000m\000a\000n\000c\000e\000\040\000A\000n\000a\000l\000y\000s\000i\000s}{chapter.9}% 62
\BOOKMARK [1][-]{section.9.4}{\376\377\000C\000o\000n\000f\000u\000s\000i\000o\000n\000\040\000M\000a\000t\000r\000i\000x\000\040\000A\000n\000a\000l\000y\000s\000i\000s}{chapter.9}% 63
\BOOKMARK [1][-]{section.9.5}{\376\377\000Q\000u\000a\000n\000t\000i\000t\000a\000t\000i\000v\000e\000\040\000R\000e\000s\000u\000l\000t\000s}{chapter.9}% 64
\BOOKMARK [1][-]{section.9.6}{\376\377\000E\000r\000r\000o\000r\000\040\000A\000n\000a\000l\000y\000s\000i\000s}{chapter.9}% 65
\BOOKMARK [1][-]{section.9.7}{\376\377\000R\000e\000a\000l\000-\000T\000i\000m\000e\000\040\000P\000e\000r\000f\000o\000r\000m\000a\000n\000c\000e\000\040\000E\000v\000a\000l\000u\000a\000t\000i\000o\000n}{chapter.9}% 66
\BOOKMARK [1][-]{section.9.8}{\376\377\000D\000i\000s\000c\000u\000s\000s\000i\000o\000n\000\040\000o\000f\000\040\000R\000e\000s\000u\000l\000t\000s}{chapter.9}% 67
\BOOKMARK [0][-]{chapter.10}{\376\377\000E\000d\000g\000e\000\040\000D\000e\000p\000l\000o\000y\000m\000e\000n\000t\000\040\000a\000n\000d\000\040\000W\000o\000r\000k\000i\000n\000g}{}% 68
\BOOKMARK [1][-]{section.10.1}{\376\377\000E\000d\000g\000e\000\040\000D\000e\000p\000l\000o\000y\000m\000e\000n\000t\000\040\000P\000l\000a\000t\000f\000o\000r\000m}{chapter.10}% 69
\BOOKMARK [1][-]{section.10.2}{\376\377\000D\000e\000p\000l\000o\000y\000m\000e\000n\000t\000\040\000A\000r\000c\000h\000i\000t\000e\000c\000t\000u\000r\000e}{chapter.10}% 70
\BOOKMARK [1][-]{section.10.3}{\376\377\000R\000e\000a\000l\000-\000T\000i\000m\000e\000\040\000W\000o\000r\000k\000i\000n\000g\000\040\000M\000e\000c\000h\000a\000n\000i\000s\000m}{chapter.10}% 71
\BOOKMARK [1][-]{section.10.4}{\376\377\000I\000n\000f\000e\000r\000e\000n\000c\000e\000\040\000L\000a\000t\000e\000n\000c\000y\000\040\000a\000n\000d\000\040\000P\000e\000r\000f\000o\000r\000m\000a\000n\000c\000e}{chapter.10}% 72
\BOOKMARK [1][-]{section.10.5}{\376\377\000A\000d\000v\000a\000n\000t\000a\000g\000e\000s\000\040\000o\000f\000\040\000E\000d\000g\000e\000-\000B\000a\000s\000e\000d\000\040\000I\000n\000f\000e\000r\000e\000n\000c\000e}{chapter.10}% 73
\BOOKMARK [1][-]{section.10.6}{\376\377\000D\000e\000p\000l\000o\000y\000m\000e\000n\000t\000\040\000C\000h\000a\000l\000l\000e\000n\000g\000e\000s\000\040\000a\000n\000d\000\040\000M\000i\000t\000i\000g\000a\000t\000i\000o\000n}{chapter.10}% 74
\BOOKMARK [1][-]{section.10.7}{\376\377\000S\000u\000m\000m\000a\000r\000y}{chapter.10}% 75
\BOOKMARK [0][-]{chapter.11}{\376\377\000C\000o\000m\000p\000a\000r\000i\000s\000o\000n\000\040\000w\000i\000t\000h\000\040\000E\000x\000i\000s\000t\000i\000n\000g\000\040\000M\000e\000t\000h\000o\000d\000s}{}% 76
\BOOKMARK [1][-]{section.11.1}{\376\377\000P\000a\000s\000t\000\040\000R\000e\000s\000e\000a\000r\000c\000h\000\040\000i\000n\000\040\000G\000u\000n\000s\000h\000o\000t\000\040\000D\000e\000t\000e\000c\000t\000i\000o\000n}{chapter.11}% 77
\BOOKMARK [1][-]{section.11.2}{\376\377\000H\000a\000r\000d\000w\000a\000r\000e\000-\000O\000r\000i\000e\000n\000t\000e\000d\000\040\000D\000e\000p\000l\000o\000y\000m\000e\000n\000t\000s}{chapter.11}% 78
\BOOKMARK [1][-]{section.11.3}{\376\377\000L\000i\000m\000i\000t\000a\000t\000i\000o\000n\000s\000\040\000o\000f\000\040\000C\000u\000r\000r\000e\000n\000t\000\040\000A\000c\000o\000u\000s\000t\000i\000c\000\040\000G\000u\000n\000s\000h\000o\000t\000\040\000D\000e\000t\000e\000c\000t\000i\000o\000n\000\040\000S\000y\000s\000t\000e\000m\000s}{chapter.11}% 79
\BOOKMARK [1][-]{section.11.4}{\376\377\000C\000o\000m\000p\000a\000r\000i\000s\000o\000n\000\040\000w\000i\000t\000h\000\040\000t\000h\000e\000\040\000P\000r\000o\000p\000o\000s\000e\000d\000\040\000S\000y\000s\000t\000e\000m}{chapter.11}% 80
\BOOKMARK [1][-]{section.11.5}{\376\377\000S\000u\000m\000m\000a\000r\000y\000\040\000o\000f\000\040\000C\000o\000m\000p\000a\000r\000a\000t\000i\000v\000e\000\040\000A\000d\000v\000a\000n\000t\000a\000g\000e\000s}{chapter.11}% 81
\BOOKMARK [0][-]{chapter.12}{\376\377\000A\000p\000p\000l\000i\000c\000a\000t\000i\000o\000n\000s}{}% 82
\BOOKMARK [1][-]{section.12.1}{\376\377\000S\000m\000a\000r\000t\000\040\000C\000i\000t\000y\000\040\000S\000u\000r\000v\000e\000i\000l\000l\000a\000n\000c\000e}{chapter.12}% 83
\BOOKMARK [1][-]{section.12.2}{\376\377\000E\000d\000u\000c\000a\000t\000i\000o\000n\000a\000l\000\040\000I\000n\000s\000t\000i\000t\000u\000t\000i\000o\000n\000s\000\040\000a\000n\000d\000\040\000C\000a\000m\000p\000u\000s\000\040\000S\000e\000c\000u\000r\000i\000t\000y}{chapter.12}% 84
\BOOKMARK [1][-]{section.12.3}{\376\377\000P\000u\000b\000l\000i\000c\000\040\000T\000r\000a\000n\000s\000p\000o\000r\000t\000a\000t\000i\000o\000n\000\040\000a\000n\000d\000\040\000I\000n\000f\000r\000a\000s\000t\000r\000u\000c\000t\000u\000r\000e}{chapter.12}% 85
\BOOKMARK [1][-]{section.12.4}{\376\377\000M\000i\000l\000i\000t\000a\000r\000y\000\040\000a\000n\000d\000\040\000D\000e\000f\000e\000n\000s\000e\000\040\000A\000p\000p\000l\000i\000c\000a\000t\000i\000o\000n\000s}{chapter.12}% 86
\BOOKMARK [1][-]{section.12.5}{\376\377\000W\000i\000l\000d\000l\000i\000f\000e\000\040\000C\000o\000n\000s\000e\000r\000v\000a\000t\000i\000o\000n\000\040\000a\000n\000d\000\040\000A\000n\000t\000i\000-\000P\000o\000a\000c\000h\000i\000n\000g\000\040\000E\000f\000f\000o\000r\000t\000s}{chapter.12}% 87
\BOOKMARK [1][-]{section.12.6}{\376\377\000I\000n\000d\000u\000s\000t\000r\000i\000a\000l\000\040\000a\000n\000d\000\040\000C\000r\000i\000t\000i\000c\000a\000l\000\040\000I\000n\000f\000r\000a\000s\000t\000r\000u\000c\000t\000u\000r\000e\000\040\000S\000e\000c\000u\000r\000i\000t\000y}{chapter.12}% 88
\BOOKMARK [1][-]{section.12.7}{\376\377\000I\000n\000t\000e\000g\000r\000a\000t\000i\000o\000n\000\040\000w\000i\000t\000h\000\040\000M\000u\000l\000t\000i\000-\000M\000o\000d\000a\000l\000\040\000S\000u\000r\000v\000e\000i\000l\000l\000a\000n\000c\000e\000\040\000S\000y\000s\000t\000e\000m\000s}{chapter.12}% 89
\BOOKMARK [1][-]{section.12.8}{\376\377\000S\000u\000m\000m\000a\000r\000y}{chapter.12}% 90
\BOOKMARK [0][-]{chapter.13}{\376\377\000L\000i\000m\000i\000t\000a\000t\000i\000o\000n\000s}{}% 91
\BOOKMARK [1][-]{section.13.1}{\376\377\000A\000c\000o\000u\000s\000t\000i\000c\000\040\000S\000i\000m\000i\000l\000a\000r\000i\000t\000y\000\040\000a\000n\000d\000\040\000F\000a\000l\000s\000e\000\040\000P\000o\000s\000i\000t\000i\000v\000e\000s}{chapter.13}% 92
\BOOKMARK [1][-]{section.13.2}{\376\377\000E\000n\000v\000i\000r\000o\000n\000m\000e\000n\000t\000a\000l\000\040\000a\000n\000d\000\040\000W\000e\000a\000t\000h\000e\000r\000\040\000C\000o\000n\000d\000i\000t\000i\000o\000n\000s}{chapter.13}% 93
\BOOKMARK [1][-]{section.13.3}{\376\377\000B\000i\000n\000a\000r\000y\000\040\000C\000l\000a\000s\000s\000i\000f\000i\000c\000a\000t\000i\000o\000n\000\040\000C\000o\000n\000s\000t\000r\000a\000i\000n\000t}{chapter.13}% 94
\BOOKMARK [1][-]{section.13.4}{\376\377\000D\000a\000t\000a\000s\000e\000t\000\040\000D\000e\000p\000e\000n\000d\000e\000n\000c\000y\000\040\000a\000n\000d\000\040\000G\000e\000n\000e\000r\000a\000l\000i\000z\000a\000t\000i\000o\000n}{chapter.13}% 95
\BOOKMARK [1][-]{section.13.5}{\376\377\000H\000a\000r\000d\000w\000a\000r\000e\000\040\000C\000o\000n\000s\000t\000r\000a\000i\000n\000t\000s}{chapter.13}% 96
\BOOKMARK [1][-]{section.13.6}{\376\377\000S\000i\000n\000g\000l\000e\000-\000M\000o\000d\000a\000l\000i\000t\000y\000\040\000D\000e\000p\000e\000n\000d\000e\000n\000c\000e}{chapter.13}% 97
\BOOKMARK [1][-]{section.13.7}{\376\377\000S\000u\000m\000m\000a\000r\000y}{chapter.13}% 98
\BOOKMARK [0][-]{chapter.14}{\376\377\000C\000o\000n\000c\000l\000u\000s\000i\000o\000n}{}% 99
\BOOKMARK [0][-]{chapter.15}{\376\377\000F\000u\000t\000u\000r\000e\000\040\000W\000o\000r\000k}{}% 100
\BOOKMARK [1][-]{section.15.1}{\376\377\000M\000u\000l\000t\000i\000-\000C\000l\000a\000s\000s\000\040\000G\000u\000n\000s\000h\000o\000t\000\040\000C\000l\000a\000s\000s\000i\000f\000i\000c\000a\000t\000i\000o\000n}{chapter.15}% 101
\BOOKMARK [1][-]{section.15.2}{\376\377\000M\000u\000l\000t\000i\000-\000M\000o\000d\000a\000l\000\040\000S\000e\000n\000s\000o\000r\000\040\000F\000u\000s\000i\000o\000n}{chapter.15}% 102
\BOOKMARK [1][-]{section.15.3}{\376\377\000A\000d\000v\000a\000n\000c\000e\000d\000\040\000M\000o\000d\000e\000l\000\040\000O\000p\000t\000i\000m\000i\000z\000a\000t\000i\000o\000n}{chapter.15}% 103
\BOOKMARK [1][-]{section.15.4}{\376\377\000F\000P\000G\000A\000\040\000a\000n\000d\000\040\000A\000S\000I\000C\000\040\000A\000c\000c\000e\000l\000e\000r\000a\000t\000i\000o\000n}{chapter.15}% 104
\BOOKMARK [1][-]{section.15.5}{\376\377\000A\000d\000a\000p\000t\000i\000v\000e\000\040\000a\000n\000d\000\040\000O\000n\000l\000i\000n\000e\000\040\000L\000e\000a\000r\000n\000i\000n\000g}{chapter.15}% 105
\BOOKMARK [1][-]{section.15.6}{\376\377\000I\000n\000t\000e\000g\000r\000a\000t\000i\000o\000n\000\040\000w\000i\000t\000h\000\040\000E\000m\000e\000r\000g\000e\000n\000c\000y\000\040\000R\000e\000s\000p\000o\000n\000s\000e\000\040\000S\000y\000s\000t\000e\000m\000s}{chapter.15}% 106
\BOOKMARK [1][-]{section.15.7}{\376\377\000L\000a\000r\000g\000e\000-\000S\000c\000a\000l\000e\000\040\000F\000i\000e\000l\000d\000\040\000T\000e\000s\000t\000i\000n\000g}{chapter.15}% 107
\BOOKMARK [1][-]{section.15.8}{\376\377\000C\000o\000n\000c\000l\000u\000s\000i\000o\000n\000\040\000o\000f\000\040\000F\000u\000t\000u\000r\000e\000\040\000D\000i\000r\000e\000c\000t\000i\000o\000n\000s}{chapter.15}% 108
\BOOKMARK [0][-]{chapter.16}{\376\377\000R\000e\000f\000e\000r\000e\000n\000c\000e\000s}{}% 109
\BOOKMARK [0][-]{chapter*.13}{\376\377\000B\000i\000b\000l\000i\000o\000g\000r\000a\000p\000h\000y}{}% 110
