This is pdfTeX, Version 3.141592653-2.6-1.40.27 (MiKTeX 25.4) (preloaded format=pdflatex 2025.10.21)  19 DEC 2025 12:23
entering extended mode
 restricted \write18 enabled.
 %&-line parsing enabled.
**./Final_Report.tex
(Final_Report.tex
LaTeX2e <2025-06-01> patch level 1
L3 programming layer <2025-09-02>

(D:\WpSystem\S-1-5-21-3980317125-2991037478-2579826307-1003\AppData\Local\Packa
ges\MikTex\tex/latex/base\report.cls
Document Class: report 2025/01/22 v1.4n Standard LaTeX document class

(D:\WpSystem\S-1-5-21-3980317125-2991037478-2579826307-1003\AppData\Local\Packa
ges\MikTex\tex/latex/base\size12.clo
File: size12.clo 2025/01/22 v1.4n Standard LaTeX file (size option)
)
\c@part=\count275
\c@chapter=\count276
\c@section=\count277
\c@subsection=\count278
\c@subsubsection=\count279
\c@paragraph=\count280
\c@subparagraph=\count281
\c@figure=\count282
\c@table=\count283
\abovecaptionskip=\skip49
\belowcaptionskip=\skip50
\bibindent=\dimen148
)
(D:\WpSystem\S-1-5-21-3980317125-2991037478-2579826307-1003\AppData\Local\Packa
ges\MikTex\tex/latex/pgf/frontendlayer\tikz.sty
(D:\WpSystem\S-1-5-21-3980317125-2991037478-2579826307-1003\AppData\Local\Packa
ges\MikTex\tex/latex/pgf/basiclayer\pgf.sty
(D:\WpSystem\S-1-5-21-3980317125-2991037478-2579826307-1003\AppData\Local\Packa
ges\MikTex\tex/latex/pgf/utilities\pgfrcs.sty
(D:\WpSystem\S-1-5-21-3980317125-2991037478-2579826307-1003\AppData\Local\Packa
ges\MikTex\tex/generic/pgf/utilities\pgfutil-common.tex
\pgfutil@everybye=\toks17
\pgfutil@tempdima=\dimen149
\pgfutil@tempdimb=\dimen150
)
(D:\WpSystem\S-1-5-21-3980317125-2991037478-2579826307-1003\AppData\Local\Packa
ges\MikTex\tex/generic/pgf/utilities\pgfutil-latex.def
\pgfutil@abb=\box53
)
(D:\WpSystem\S-1-5-21-3980317125-2991037478-2579826307-1003\AppData\Local\Packa
ges\MikTex\tex/generic/pgf/utilities\pgfrcs.code.tex
(D:\WpSystem\S-1-5-21-3980317125-2991037478-2579826307-1003\AppData\Local\Packa
ges\MikTex\tex/generic/pgf\pgf.revision.tex)
Package: pgfrcs 2025-08-29 v3.1.11a (3.1.11a)
))
Package: pgf 2025-08-29 v3.1.11a (3.1.11a)

(D:\WpSystem\S-1-5-21-3980317125-2991037478-2579826307-1003\AppData\Local\Packa
ges\MikTex\tex/latex/pgf/basiclayer\pgfcore.sty
(D:\WpSystem\S-1-5-21-3980317125-2991037478-2579826307-1003\AppData\Local\Packa
ges\MikTex\tex/latex/graphics\graphicx.sty
Package: graphicx 2024/12/31 v1.2e Enhanced LaTeX Graphics (DPC,SPQR)

(D:\WpSystem\S-1-5-21-3980317125-2991037478-2579826307-1003\AppData\Local\Packa
ges\MikTex\tex/latex/graphics\keyval.sty
Package: keyval 2022/05/29 v1.15 key=value parser (DPC)
\KV@toks@=\toks18
)
(D:\WpSystem\S-1-5-21-3980317125-2991037478-2579826307-1003\AppData\Local\Packa
ges\MikTex\tex/latex/graphics\graphics.sty
Package: graphics 2024/08/06 v1.4g Standard LaTeX Graphics (DPC,SPQR)

(D:\WpSystem\S-1-5-21-3980317125-2991037478-2579826307-1003\AppData\Local\Packa
ges\MikTex\tex/latex/graphics\trig.sty
Package: trig 2023/12/02 v1.11 sin cos tan (DPC)
)
(D:\WpSystem\S-1-5-21-3980317125-2991037478-2579826307-1003\AppData\Local\Packa
ges\MikTex\tex/latex/graphics-cfg\graphics.cfg
File: graphics.cfg 2016/06/04 v1.11 sample graphics configuration
)
Package graphics Info: Driver file: pdftex.def on input line 106.

(D:\WpSystem\S-1-5-21-3980317125-2991037478-2579826307-1003\AppData\Local\Packa
ges\MikTex\tex/latex/graphics-def\pdftex.def
File: pdftex.def 2025/09/29 v1.2d Graphics/color driver for pdftex
))
\Gin@req@height=\dimen151
\Gin@req@width=\dimen152
)
(D:\WpSystem\S-1-5-21-3980317125-2991037478-2579826307-1003\AppData\Local\Packa
ges\MikTex\tex/latex/pgf/systemlayer\pgfsys.sty
(D:\WpSystem\S-1-5-21-3980317125-2991037478-2579826307-1003\AppData\Local\Packa
ges\MikTex\tex/generic/pgf/systemlayer\pgfsys.code.tex
Package: pgfsys 2025-08-29 v3.1.11a (3.1.11a)

(D:\WpSystem\S-1-5-21-3980317125-2991037478-2579826307-1003\AppData\Local\Packa
ges\MikTex\tex/generic/pgf/utilities\pgfkeys.code.tex
\pgfkeys@pathtoks=\toks19
\pgfkeys@temptoks=\toks20

(D:\WpSystem\S-1-5-21-3980317125-2991037478-2579826307-1003\AppData\Local\Packa
ges\MikTex\tex/generic/pgf/utilities\pgfkeyslibraryfiltered.code.tex
\pgfkeys@tmptoks=\toks21
))
\pgf@x=\dimen153
\pgf@y=\dimen154
\pgf@xa=\dimen155
\pgf@ya=\dimen156
\pgf@xb=\dimen157
\pgf@yb=\dimen158
\pgf@xc=\dimen159
\pgf@yc=\dimen160
\pgf@xd=\dimen161
\pgf@yd=\dimen162
\w@pgf@writea=\write3
\r@pgf@reada=\read2
\c@pgf@counta=\count284
\c@pgf@countb=\count285
\c@pgf@countc=\count286
\c@pgf@countd=\count287
\t@pgf@toka=\toks22
\t@pgf@tokb=\toks23
\t@pgf@tokc=\toks24
\pgf@sys@id@count=\count288

(D:\WpSystem\S-1-5-21-3980317125-2991037478-2579826307-1003\AppData\Local\Packa
ges\MikTex\tex/generic/pgf/systemlayer\pgf.cfg
File: pgf.cfg 2025-08-29 v3.1.11a (3.1.11a)
)
Driver file for pgf: pgfsys-pdftex.def

(D:\WpSystem\S-1-5-21-3980317125-2991037478-2579826307-1003\AppData\Local\Packa
ges\MikTex\tex/generic/pgf/systemlayer\pgfsys-pdftex.def
File: pgfsys-pdftex.def 2025-08-29 v3.1.11a (3.1.11a)

(D:\WpSystem\S-1-5-21-3980317125-2991037478-2579826307-1003\AppData\Local\Packa
ges\MikTex\tex/generic/pgf/systemlayer\pgfsys-common-pdf.def
File: pgfsys-common-pdf.def 2025-08-29 v3.1.11a (3.1.11a)
)))
(D:\WpSystem\S-1-5-21-3980317125-2991037478-2579826307-1003\AppData\Local\Packa
ges\MikTex\tex/generic/pgf/systemlayer\pgfsyssoftpath.code.tex
File: pgfsyssoftpath.code.tex 2025-08-29 v3.1.11a (3.1.11a)
\pgfsyssoftpath@smallbuffer@items=\count289
\pgfsyssoftpath@bigbuffer@items=\count290
)
(D:\WpSystem\S-1-5-21-3980317125-2991037478-2579826307-1003\AppData\Local\Packa
ges\MikTex\tex/generic/pgf/systemlayer\pgfsysprotocol.code.tex
File: pgfsysprotocol.code.tex 2025-08-29 v3.1.11a (3.1.11a)
))
(D:\WpSystem\S-1-5-21-3980317125-2991037478-2579826307-1003\AppData\Local\Packa
ges\MikTex\tex/latex/xcolor\xcolor.sty
Package: xcolor 2024/09/29 v3.02 LaTeX color extensions (UK)

(D:\WpSystem\S-1-5-21-3980317125-2991037478-2579826307-1003\AppData\Local\Packa
ges\MikTex\tex/latex/graphics-cfg\color.cfg
File: color.cfg 2016/01/02 v1.6 sample color configuration
)
Package xcolor Info: Driver file: pdftex.def on input line 274.

(D:\WpSystem\S-1-5-21-3980317125-2991037478-2579826307-1003\AppData\Local\Packa
ges\MikTex\tex/latex/graphics\mathcolor.ltx)
Package xcolor Info: Model `cmy' substituted by `cmy0' on input line 1349.
Package xcolor Info: Model `hsb' substituted by `rgb' on input line 1353.
Package xcolor Info: Model `RGB' extended on input line 1365.
Package xcolor Info: Model `HTML' substituted by `rgb' on input line 1367.
Package xcolor Info: Model `Hsb' substituted by `hsb' on input line 1368.
Package xcolor Info: Model `tHsb' substituted by `hsb' on input line 1369.
Package xcolor Info: Model `HSB' substituted by `hsb' on input line 1370.
Package xcolor Info: Model `Gray' substituted by `gray' on input line 1371.
Package xcolor Info: Model `wave' substituted by `hsb' on input line 1372.
)
(D:\WpSystem\S-1-5-21-3980317125-2991037478-2579826307-1003\AppData\Local\Packa
ges\MikTex\tex/generic/pgf/basiclayer\pgfcore.code.tex
Package: pgfcore 2025-08-29 v3.1.11a (3.1.11a)

(D:\WpSystem\S-1-5-21-3980317125-2991037478-2579826307-1003\AppData\Local\Packa
ges\MikTex\tex/generic/pgf/math\pgfmath.code.tex
(D:\WpSystem\S-1-5-21-3980317125-2991037478-2579826307-1003\AppData\Local\Packa
ges\MikTex\tex/generic/pgf/math\pgfmathutil.code.tex)
(D:\WpSystem\S-1-5-21-3980317125-2991037478-2579826307-1003\AppData\Local\Packa
ges\MikTex\tex/generic/pgf/math\pgfmathparser.code.tex
\pgfmath@dimen=\dimen163
\pgfmath@count=\count291
\pgfmath@box=\box54
\pgfmath@toks=\toks25
\pgfmath@stack@operand=\toks26
\pgfmath@stack@operation=\toks27
)
(D:\WpSystem\S-1-5-21-3980317125-2991037478-2579826307-1003\AppData\Local\Packa
ges\MikTex\tex/generic/pgf/math\pgfmathfunctions.code.tex)
(D:\WpSystem\S-1-5-21-3980317125-2991037478-2579826307-1003\AppData\Local\Packa
ges\MikTex\tex/generic/pgf/math\pgfmathfunctions.basic.code.tex)
(D:\WpSystem\S-1-5-21-3980317125-2991037478-2579826307-1003\AppData\Local\Packa
ges\MikTex\tex/generic/pgf/math\pgfmathfunctions.trigonometric.code.tex)
(D:\WpSystem\S-1-5-21-3980317125-2991037478-2579826307-1003\AppData\Local\Packa
ges\MikTex\tex/generic/pgf/math\pgfmathfunctions.random.code.tex)
(D:\WpSystem\S-1-5-21-3980317125-2991037478-2579826307-1003\AppData\Local\Packa
ges\MikTex\tex/generic/pgf/math\pgfmathfunctions.comparison.code.tex)
(D:\WpSystem\S-1-5-21-3980317125-2991037478-2579826307-1003\AppData\Local\Packa
ges\MikTex\tex/generic/pgf/math\pgfmathfunctions.base.code.tex)
(D:\WpSystem\S-1-5-21-3980317125-2991037478-2579826307-1003\AppData\Local\Packa
ges\MikTex\tex/generic/pgf/math\pgfmathfunctions.round.code.tex)
(D:\WpSystem\S-1-5-21-3980317125-2991037478-2579826307-1003\AppData\Local\Packa
ges\MikTex\tex/generic/pgf/math\pgfmathfunctions.misc.code.tex)
(D:\WpSystem\S-1-5-21-3980317125-2991037478-2579826307-1003\AppData\Local\Packa
ges\MikTex\tex/generic/pgf/math\pgfmathfunctions.integerarithmetics.code.tex)
(D:\WpSystem\S-1-5-21-3980317125-2991037478-2579826307-1003\AppData\Local\Packa
ges\MikTex\tex/generic/pgf/math\pgfmathcalc.code.tex)
(D:\WpSystem\S-1-5-21-3980317125-2991037478-2579826307-1003\AppData\Local\Packa
ges\MikTex\tex/generic/pgf/math\pgfmathfloat.code.tex
\c@pgfmathroundto@lastzeros=\count292
))
(D:\WpSystem\S-1-5-21-3980317125-2991037478-2579826307-1003\AppData\Local\Packa
ges\MikTex\tex/generic/pgf/math\pgfint.code.tex)
(D:\WpSystem\S-1-5-21-3980317125-2991037478-2579826307-1003\AppData\Local\Packa
ges\MikTex\tex/generic/pgf/basiclayer\pgfcorepoints.code.tex
File: pgfcorepoints.code.tex 2025-08-29 v3.1.11a (3.1.11a)
\pgf@picminx=\dimen164
\pgf@picmaxx=\dimen165
\pgf@picminy=\dimen166
\pgf@picmaxy=\dimen167
\pgf@pathminx=\dimen168
\pgf@pathmaxx=\dimen169
\pgf@pathminy=\dimen170
\pgf@pathmaxy=\dimen171
\pgf@xx=\dimen172
\pgf@xy=\dimen173
\pgf@yx=\dimen174
\pgf@yy=\dimen175
\pgf@zx=\dimen176
\pgf@zy=\dimen177
)
(D:\WpSystem\S-1-5-21-3980317125-2991037478-2579826307-1003\AppData\Local\Packa
ges\MikTex\tex/generic/pgf/basiclayer\pgfcorepathconstruct.code.tex
File: pgfcorepathconstruct.code.tex 2025-08-29 v3.1.11a (3.1.11a)
\pgf@path@lastx=\dimen178
\pgf@path@lasty=\dimen179
)
(D:\WpSystem\S-1-5-21-3980317125-2991037478-2579826307-1003\AppData\Local\Packa
ges\MikTex\tex/generic/pgf/basiclayer\pgfcorepathusage.code.tex
File: pgfcorepathusage.code.tex 2025-08-29 v3.1.11a (3.1.11a)
\pgf@shorten@end@additional=\dimen180
\pgf@shorten@start@additional=\dimen181
)
(D:\WpSystem\S-1-5-21-3980317125-2991037478-2579826307-1003\AppData\Local\Packa
ges\MikTex\tex/generic/pgf/basiclayer\pgfcorescopes.code.tex
File: pgfcorescopes.code.tex 2025-08-29 v3.1.11a (3.1.11a)
\pgfpic=\box55
\pgf@hbox=\box56
\pgf@layerbox@main=\box57
\pgf@picture@serial@count=\count293
)
(D:\WpSystem\S-1-5-21-3980317125-2991037478-2579826307-1003\AppData\Local\Packa
ges\MikTex\tex/generic/pgf/basiclayer\pgfcoregraphicstate.code.tex
File: pgfcoregraphicstate.code.tex 2025-08-29 v3.1.11a (3.1.11a)
\pgflinewidth=\dimen182
)
(D:\WpSystem\S-1-5-21-3980317125-2991037478-2579826307-1003\AppData\Local\Packa
ges\MikTex\tex/generic/pgf/basiclayer\pgfcoretransformations.code.tex
File: pgfcoretransformations.code.tex 2025-08-29 v3.1.11a (3.1.11a)
\pgf@pt@x=\dimen183
\pgf@pt@y=\dimen184
\pgf@pt@temp=\dimen185
)
(D:\WpSystem\S-1-5-21-3980317125-2991037478-2579826307-1003\AppData\Local\Packa
ges\MikTex\tex/generic/pgf/basiclayer\pgfcorequick.code.tex
File: pgfcorequick.code.tex 2025-08-29 v3.1.11a (3.1.11a)
)
(D:\WpSystem\S-1-5-21-3980317125-2991037478-2579826307-1003\AppData\Local\Packa
ges\MikTex\tex/generic/pgf/basiclayer\pgfcoreobjects.code.tex
File: pgfcoreobjects.code.tex 2025-08-29 v3.1.11a (3.1.11a)
)
(D:\WpSystem\S-1-5-21-3980317125-2991037478-2579826307-1003\AppData\Local\Packa
ges\MikTex\tex/generic/pgf/basiclayer\pgfcorepathprocessing.code.tex
File: pgfcorepathprocessing.code.tex 2025-08-29 v3.1.11a (3.1.11a)
)
(D:\WpSystem\S-1-5-21-3980317125-2991037478-2579826307-1003\AppData\Local\Packa
ges\MikTex\tex/generic/pgf/basiclayer\pgfcorearrows.code.tex
File: pgfcorearrows.code.tex 2025-08-29 v3.1.11a (3.1.11a)
\pgfarrowsep=\dimen186
)
(D:\WpSystem\S-1-5-21-3980317125-2991037478-2579826307-1003\AppData\Local\Packa
ges\MikTex\tex/generic/pgf/basiclayer\pgfcoreshade.code.tex
File: pgfcoreshade.code.tex 2025-08-29 v3.1.11a (3.1.11a)
\pgf@max=\dimen187
\pgf@sys@shading@range@num=\count294
\pgf@shadingcount=\count295
)
(D:\WpSystem\S-1-5-21-3980317125-2991037478-2579826307-1003\AppData\Local\Packa
ges\MikTex\tex/generic/pgf/basiclayer\pgfcoreimage.code.tex
File: pgfcoreimage.code.tex 2025-08-29 v3.1.11a (3.1.11a)
)
(D:\WpSystem\S-1-5-21-3980317125-2991037478-2579826307-1003\AppData\Local\Packa
ges\MikTex\tex/generic/pgf/basiclayer\pgfcoreexternal.code.tex
File: pgfcoreexternal.code.tex 2025-08-29 v3.1.11a (3.1.11a)
\pgfexternal@startupbox=\box58
)
(D:\WpSystem\S-1-5-21-3980317125-2991037478-2579826307-1003\AppData\Local\Packa
ges\MikTex\tex/generic/pgf/basiclayer\pgfcorelayers.code.tex
File: pgfcorelayers.code.tex 2025-08-29 v3.1.11a (3.1.11a)
)
(D:\WpSystem\S-1-5-21-3980317125-2991037478-2579826307-1003\AppData\Local\Packa
ges\MikTex\tex/generic/pgf/basiclayer\pgfcoretransparency.code.tex
File: pgfcoretransparency.code.tex 2025-08-29 v3.1.11a (3.1.11a)
)
(D:\WpSystem\S-1-5-21-3980317125-2991037478-2579826307-1003\AppData\Local\Packa
ges\MikTex\tex/generic/pgf/basiclayer\pgfcorepatterns.code.tex
File: pgfcorepatterns.code.tex 2025-08-29 v3.1.11a (3.1.11a)
)
(D:\WpSystem\S-1-5-21-3980317125-2991037478-2579826307-1003\AppData\Local\Packa
ges\MikTex\tex/generic/pgf/basiclayer\pgfcorerdf.code.tex
File: pgfcorerdf.code.tex 2025-08-29 v3.1.11a (3.1.11a)
)))
(D:\WpSystem\S-1-5-21-3980317125-2991037478-2579826307-1003\AppData\Local\Packa
ges\MikTex\tex/generic/pgf/modules\pgfmoduleshapes.code.tex
File: pgfmoduleshapes.code.tex 2025-08-29 v3.1.11a (3.1.11a)
\pgfnodeparttextbox=\box59
)
(D:\WpSystem\S-1-5-21-3980317125-2991037478-2579826307-1003\AppData\Local\Packa
ges\MikTex\tex/generic/pgf/modules\pgfmoduleplot.code.tex
File: pgfmoduleplot.code.tex 2025-08-29 v3.1.11a (3.1.11a)
)
(D:\WpSystem\S-1-5-21-3980317125-2991037478-2579826307-1003\AppData\Local\Packa
ges\MikTex\tex/latex/pgf/compatibility\pgfcomp-version-0-65.sty
Package: pgfcomp-version-0-65 2025-08-29 v3.1.11a (3.1.11a)
\pgf@nodesepstart=\dimen188
\pgf@nodesepend=\dimen189
)
(D:\WpSystem\S-1-5-21-3980317125-2991037478-2579826307-1003\AppData\Local\Packa
ges\MikTex\tex/latex/pgf/compatibility\pgfcomp-version-1-18.sty
Package: pgfcomp-version-1-18 2025-08-29 v3.1.11a (3.1.11a)
))
(D:\WpSystem\S-1-5-21-3980317125-2991037478-2579826307-1003\AppData\Local\Packa
ges\MikTex\tex/latex/pgf/utilities\pgffor.sty
(D:\WpSystem\S-1-5-21-3980317125-2991037478-2579826307-1003\AppData\Local\Packa
ges\MikTex\tex/latex/pgf/utilities\pgfkeys.sty
(D:\WpSystem\S-1-5-21-3980317125-2991037478-2579826307-1003\AppData\Local\Packa
ges\MikTex\tex/generic/pgf/utilities\pgfkeys.code.tex))
(D:\WpSystem\S-1-5-21-3980317125-2991037478-2579826307-1003\AppData\Local\Packa
ges\MikTex\tex/latex/pgf/math\pgfmath.sty
(D:\WpSystem\S-1-5-21-3980317125-2991037478-2579826307-1003\AppData\Local\Packa
ges\MikTex\tex/generic/pgf/math\pgfmath.code.tex))
(D:\WpSystem\S-1-5-21-3980317125-2991037478-2579826307-1003\AppData\Local\Packa
ges\MikTex\tex/generic/pgf/utilities\pgffor.code.tex
Package: pgffor 2025-08-29 v3.1.11a (3.1.11a)
\pgffor@iter=\dimen190
\pgffor@skip=\dimen191
\pgffor@stack=\toks28
\pgffor@toks=\toks29
))
(D:\WpSystem\S-1-5-21-3980317125-2991037478-2579826307-1003\AppData\Local\Packa
ges\MikTex\tex/generic/pgf/frontendlayer/tikz\tikz.code.tex
Package: tikz 2025-08-29 v3.1.11a (3.1.11a)

(D:\WpSystem\S-1-5-21-3980317125-2991037478-2579826307-1003\AppData\Local\Packa
ges\MikTex\tex/generic/pgf/libraries\pgflibraryplothandlers.code.tex
File: pgflibraryplothandlers.code.tex 2025-08-29 v3.1.11a (3.1.11a)
\pgf@plot@mark@count=\count296
\pgfplotmarksize=\dimen192
)
\tikz@lastx=\dimen193
\tikz@lasty=\dimen194
\tikz@lastxsaved=\dimen195
\tikz@lastysaved=\dimen196
\tikz@lastmovetox=\dimen197
\tikz@lastmovetoy=\dimen198
\tikzleveldistance=\dimen199
\tikzsiblingdistance=\dimen256
\tikz@figbox=\box60
\tikz@figbox@bg=\box61
\tikz@tempbox=\box62
\tikz@tempbox@bg=\box63
\tikztreelevel=\count297
\tikznumberofchildren=\count298
\tikznumberofcurrentchild=\count299
\tikz@fig@count=\count300

(D:\WpSystem\S-1-5-21-3980317125-2991037478-2579826307-1003\AppData\Local\Packa
ges\MikTex\tex/generic/pgf/modules\pgfmodulematrix.code.tex
File: pgfmodulematrix.code.tex 2025-08-29 v3.1.11a (3.1.11a)
\pgfmatrixcurrentrow=\count301
\pgfmatrixcurrentcolumn=\count302
\pgf@matrix@numberofcolumns=\count303
)
\tikz@expandcount=\count304

(D:\WpSystem\S-1-5-21-3980317125-2991037478-2579826307-1003\AppData\Local\Packa
ges\MikTex\tex/generic/pgf/frontendlayer/tikz/libraries\tikzlibrarytopaths.code
.tex
File: tikzlibrarytopaths.code.tex 2025-08-29 v3.1.11a (3.1.11a)
)))
(D:\WpSystem\S-1-5-21-3980317125-2991037478-2579826307-1003\AppData\Local\Packa
ges\MikTex\tex/generic/pgf/libraries\pgflibraryarrows.meta.code.tex
File: pgflibraryarrows.meta.code.tex 2025-08-29 v3.1.11a (3.1.11a)
\pgfarrowinset=\dimen257
\pgfarrowlength=\dimen258
\pgfarrowwidth=\dimen259
\pgfarrowlinewidth=\dimen260
)
(D:\WpSystem\S-1-5-21-3980317125-2991037478-2579826307-1003\AppData\Local\Packa
ges\MikTex\tex/generic/pgf/frontendlayer/tikz/libraries\tikzlibrarypositioning.
code.tex
File: tikzlibrarypositioning.code.tex 2025-08-29 v3.1.11a (3.1.11a)
)
(D:\WpSystem\S-1-5-21-3980317125-2991037478-2579826307-1003\AppData\Local\Packa
ges\MikTex\tex/generic/pgf/frontendlayer/tikz/libraries\tikzlibraryshapes.geome
tric.code.tex
File: tikzlibraryshapes.geometric.code.tex 2025-08-29 v3.1.11a (3.1.11a)

(D:\WpSystem\S-1-5-21-3980317125-2991037478-2579826307-1003\AppData\Local\Packa
ges\MikTex\tex/generic/pgf/libraries/shapes\pgflibraryshapes.geometric.code.tex
File: pgflibraryshapes.geometric.code.tex 2025-08-29 v3.1.11a (3.1.11a)
))
(D:\WpSystem\S-1-5-21-3980317125-2991037478-2579826307-1003\AppData\Local\Packa
ges\MikTex\tex/latex/base\inputenc.sty
Package: inputenc 2024/02/08 v1.3d Input encoding file
\inpenc@prehook=\toks30
\inpenc@posthook=\toks31
)
(D:\WpSystem\S-1-5-21-3980317125-2991037478-2579826307-1003\AppData\Local\Packa
ges\MikTex\tex/latex/base\fontenc.sty
Package: fontenc 2024/12/21 v2.1c Standard LaTeX package
)
(D:\WpSystem\S-1-5-21-3980317125-2991037478-2579826307-1003\AppData\Local\Packa
ges\MikTex\tex/latex/lm\lmodern.sty
Package: lmodern 2015/05/01 v1.6.1 Latin Modern Fonts
LaTeX Font Info:    Overwriting symbol font `operators' in version `normal'
(Font)                  OT1/cmr/m/n --> OT1/lmr/m/n on input line 22.
LaTeX Font Info:    Overwriting symbol font `letters' in version `normal'
(Font)                  OML/cmm/m/it --> OML/lmm/m/it on input line 23.
LaTeX Font Info:    Overwriting symbol font `symbols' in version `normal'
(Font)                  OMS/cmsy/m/n --> OMS/lmsy/m/n on input line 24.
LaTeX Font Info:    Overwriting symbol font `largesymbols' in version `normal'
(Font)                  OMX/cmex/m/n --> OMX/lmex/m/n on input line 25.
LaTeX Font Info:    Overwriting symbol font `operators' in version `bold'
(Font)                  OT1/cmr/bx/n --> OT1/lmr/bx/n on input line 26.
LaTeX Font Info:    Overwriting symbol font `letters' in version `bold'
(Font)                  OML/cmm/b/it --> OML/lmm/b/it on input line 27.
LaTeX Font Info:    Overwriting symbol font `symbols' in version `bold'
(Font)                  OMS/cmsy/b/n --> OMS/lmsy/b/n on input line 28.
LaTeX Font Info:    Overwriting symbol font `largesymbols' in version `bold'
(Font)                  OMX/cmex/m/n --> OMX/lmex/m/n on input line 29.
LaTeX Font Info:    Overwriting math alphabet `\mathbf' in version `normal'
(Font)                  OT1/cmr/bx/n --> OT1/lmr/bx/n on input line 31.
LaTeX Font Info:    Overwriting math alphabet `\mathsf' in version `normal'
(Font)                  OT1/cmss/m/n --> OT1/lmss/m/n on input line 32.
LaTeX Font Info:    Overwriting math alphabet `\mathit' in version `normal'
(Font)                  OT1/cmr/m/it --> OT1/lmr/m/it on input line 33.
LaTeX Font Info:    Overwriting math alphabet `\mathtt' in version `normal'
(Font)                  OT1/cmtt/m/n --> OT1/lmtt/m/n on input line 34.
LaTeX Font Info:    Overwriting math alphabet `\mathbf' in version `bold'
(Font)                  OT1/cmr/bx/n --> OT1/lmr/bx/n on input line 35.
LaTeX Font Info:    Overwriting math alphabet `\mathsf' in version `bold'
(Font)                  OT1/cmss/bx/n --> OT1/lmss/bx/n on input line 36.
LaTeX Font Info:    Overwriting math alphabet `\mathit' in version `bold'
(Font)                  OT1/cmr/bx/it --> OT1/lmr/bx/it on input line 37.
LaTeX Font Info:    Overwriting math alphabet `\mathtt' in version `bold'
(Font)                  OT1/cmtt/m/n --> OT1/lmtt/m/n on input line 38.
)
(D:\WpSystem\S-1-5-21-3980317125-2991037478-2579826307-1003\AppData\Local\Packa
ges\MikTex\tex/latex/microtype\microtype.sty
Package: microtype 2025/07/09 v3.2b Micro-typographical refinements (RS)

(D:\WpSystem\S-1-5-21-3980317125-2991037478-2579826307-1003\AppData\Local\Packa
ges\MikTex\tex/latex/etoolbox\etoolbox.sty
Package: etoolbox 2025/10/02 v2.5m e-TeX tools for LaTeX (JAW)
\etb@tempcnta=\count305
)
\MT@toks=\toks32
\MT@tempbox=\box64
\MT@count=\count306
LaTeX Info: Redefining \noprotrusionifhmode on input line 1087.
LaTeX Info: Redefining \leftprotrusion on input line 1088.
\MT@prot@toks=\toks33
LaTeX Info: Redefining \rightprotrusion on input line 1107.
LaTeX Info: Redefining \textls on input line 1449.
\MT@outer@kern=\dimen261
LaTeX Info: Redefining \microtypecontext on input line 2053.
LaTeX Info: Redefining \textmicrotypecontext on input line 2070.
\MT@listname@count=\count307

(D:\WpSystem\S-1-5-21-3980317125-2991037478-2579826307-1003\AppData\Local\Packa
ges\MikTex\tex/latex/microtype\microtype-pdftex.def
File: microtype-pdftex.def 2025/07/09 v3.2b Definitions specific to pdftex (RS)

LaTeX Info: Redefining \lsstyle on input line 944.
LaTeX Info: Redefining \lslig on input line 944.
\MT@outer@space=\skip51
)
Package microtype Info: Loading configuration file microtype.cfg.

(D:\WpSystem\S-1-5-21-3980317125-2991037478-2579826307-1003\AppData\Local\Packa
ges\MikTex\tex/latex/microtype\microtype.cfg
File: microtype.cfg 2025/07/09 v3.2b microtype main configuration file (RS)
)
LaTeX Info: Redefining \microtypesetup on input line 3065.
)
(D:\WpSystem\S-1-5-21-3980317125-2991037478-2579826307-1003\AppData\Local\Packa
ges\MikTex\tex/latex/geometry\geometry.sty
Package: geometry 2020/01/02 v5.9 Page Geometry

(D:\WpSystem\S-1-5-21-3980317125-2991037478-2579826307-1003\AppData\Local\Packa
ges\MikTex\tex/generic/iftex\ifvtex.sty
Package: ifvtex 2019/10/25 v1.7 ifvtex legacy package. Use iftex instead.

(D:\WpSystem\S-1-5-21-3980317125-2991037478-2579826307-1003\AppData\Local\Packa
ges\MikTex\tex/generic/iftex\iftex.sty
Package: iftex 2024/12/12 v1.0g TeX engine tests
))
\Gm@cnth=\count308
\Gm@cntv=\count309
\c@Gm@tempcnt=\count310
\Gm@bindingoffset=\dimen262
\Gm@wd@mp=\dimen263
\Gm@odd@mp=\dimen264
\Gm@even@mp=\dimen265
\Gm@layoutwidth=\dimen266
\Gm@layoutheight=\dimen267
\Gm@layouthoffset=\dimen268
\Gm@layoutvoffset=\dimen269
\Gm@dimlist=\toks34

(D:\WpSystem\S-1-5-21-3980317125-2991037478-2579826307-1003\AppData\Local\Packa
ges\MikTex\tex/latex/geometry\geometry.cfg))
(D:\WpSystem\S-1-5-21-3980317125-2991037478-2579826307-1003\AppData\Local\Packa
ges\MikTex\tex/latex/caption\caption.sty
Package: caption 2023/08/05 v3.6o Customizing captions (AR)

(D:\WpSystem\S-1-5-21-3980317125-2991037478-2579826307-1003\AppData\Local\Packa
ges\MikTex\tex/latex/caption\caption3.sty
Package: caption3 2023/07/31 v2.4d caption3 kernel (AR)
\caption@tempdima=\dimen270
\captionmargin=\dimen271
\caption@leftmargin=\dimen272
\caption@rightmargin=\dimen273
\caption@width=\dimen274
\caption@indent=\dimen275
\caption@parindent=\dimen276
\caption@hangindent=\dimen277
Package caption Info: Standard document class detected.
)
\c@caption@flags=\count311
\c@continuedfloat=\count312
)
(D:\WpSystem\S-1-5-21-3980317125-2991037478-2579826307-1003\AppData\Local\Packa
ges\MikTex\tex/latex/caption\subcaption.sty
Package: subcaption 2023/07/28 v1.6b Sub-captions (AR)
Package caption Info: New subtype `subfigure' on input line 238.
\c@subfigure=\count313
Package caption Info: New subtype `subtable' on input line 238.
\c@subtable=\count314
)
(D:\WpSystem\S-1-5-21-3980317125-2991037478-2579826307-1003\AppData\Local\Packa
ges\MikTex\tex/latex/float\float.sty
Package: float 2001/11/08 v1.3d Float enhancements (AL)
\c@float@type=\count315
\float@exts=\toks35
\float@box=\box65
\@float@everytoks=\toks36
\@floatcapt=\box66
)
(D:\WpSystem\S-1-5-21-3980317125-2991037478-2579826307-1003\AppData\Local\Packa
ges\MikTex\tex/latex/tools\array.sty
Package: array 2025/06/08 v2.6j Tabular extension package (FMi)
\col@sep=\dimen278
\ar@mcellbox=\box67
\extrarowheight=\dimen279
\NC@list=\toks37
\extratabsurround=\skip52
\backup@length=\skip53
\ar@cellbox=\box68
)
(D:\WpSystem\S-1-5-21-3980317125-2991037478-2579826307-1003\AppData\Local\Packa
ges\MikTex\tex/latex/amsmath\amsmath.sty
Package: amsmath 2025/06/16 v2.17y AMS math features
\@mathmargin=\skip54

For additional information on amsmath, use the `?' option.

(D:\WpSystem\S-1-5-21-3980317125-2991037478-2579826307-1003\AppData\Local\Packa
ges\MikTex\tex/latex/amsmath\amstext.sty
Package: amstext 2024/11/17 v2.01 AMS text

(D:\WpSystem\S-1-5-21-3980317125-2991037478-2579826307-1003\AppData\Local\Packa
ges\MikTex\tex/latex/amsmath\amsgen.sty
File: amsgen.sty 1999/11/30 v2.0 generic functions
\@emptytoks=\toks38
\ex@=\dimen280
))
(D:\WpSystem\S-1-5-21-3980317125-2991037478-2579826307-1003\AppData\Local\Packa
ges\MikTex\tex/latex/amsmath\amsbsy.sty
Package: amsbsy 1999/11/29 v1.2d Bold Symbols
\pmbraise@=\dimen281
)
(D:\WpSystem\S-1-5-21-3980317125-2991037478-2579826307-1003\AppData\Local\Packa
ges\MikTex\tex/latex/amsmath\amsopn.sty
Package: amsopn 2022/04/08 v2.04 operator names
)
\inf@bad=\count316
LaTeX Info: Redefining \frac on input line 233.
\uproot@=\count317
\leftroot@=\count318
LaTeX Info: Redefining \overline on input line 398.
LaTeX Info: Redefining \colon on input line 409.
\classnum@=\count319
\DOTSCASE@=\count320
LaTeX Info: Redefining \ldots on input line 495.
LaTeX Info: Redefining \dots on input line 498.
LaTeX Info: Redefining \cdots on input line 619.
\Mathstrutbox@=\box69
\strutbox@=\box70
LaTeX Info: Redefining \big on input line 721.
LaTeX Info: Redefining \Big on input line 722.
LaTeX Info: Redefining \bigg on input line 723.
LaTeX Info: Redefining \Bigg on input line 724.
\big@size=\dimen282
LaTeX Font Info:    Redeclaring font encoding OML on input line 742.
LaTeX Font Info:    Redeclaring font encoding OMS on input line 743.
\macc@depth=\count321
LaTeX Info: Redefining \bmod on input line 904.
LaTeX Info: Redefining \pmod on input line 909.
LaTeX Info: Redefining \smash on input line 939.
LaTeX Info: Redefining \relbar on input line 969.
LaTeX Info: Redefining \Relbar on input line 970.
\c@MaxMatrixCols=\count322
\dotsspace@=\muskip17
\c@parentequation=\count323
\dspbrk@lvl=\count324
\tag@help=\toks39
\row@=\count325
\column@=\count326
\maxfields@=\count327
\andhelp@=\toks40
\eqnshift@=\dimen283
\alignsep@=\dimen284
\tagshift@=\dimen285
\tagwidth@=\dimen286
\totwidth@=\dimen287
\lineht@=\dimen288
\@envbody=\toks41
\multlinegap=\skip55
\multlinetaggap=\skip56
\mathdisplay@stack=\toks42
LaTeX Info: Redefining \[ on input line 2949.
LaTeX Info: Redefining \] on input line 2950.
)
(D:\WpSystem\S-1-5-21-3980317125-2991037478-2579826307-1003\AppData\Local\Packa
ges\MikTex\tex/latex/amsfonts\amssymb.sty
Package: amssymb 2013/01/14 v3.01 AMS font symbols

(D:\WpSystem\S-1-5-21-3980317125-2991037478-2579826307-1003\AppData\Local\Packa
ges\MikTex\tex/latex/amsfonts\amsfonts.sty
Package: amsfonts 2013/01/14 v3.01 Basic AMSFonts support
\symAMSa=\mathgroup4
\symAMSb=\mathgroup5
LaTeX Font Info:    Redeclaring math symbol \hbar on input line 98.
LaTeX Font Info:    Overwriting math alphabet `\mathfrak' in version `bold'
(Font)                  U/euf/m/n --> U/euf/b/n on input line 106.
))
(D:\WpSystem\S-1-5-21-3980317125-2991037478-2579826307-1003\AppData\Local\Packa
ges\MikTex\tex/latex/siunitx\siunitx.sty
Package: siunitx 2025-07-09 v3.4.14 A comprehensive (SI) units package
\l__siunitx_number_uncert_offset_int=\count328
\l__siunitx_number_exponent_fixed_int=\count329
\l__siunitx_number_min_decimal_int=\count330
\l__siunitx_number_min_integer_int=\count331
\l__siunitx_number_round_precision_int=\count332
\l__siunitx_number_lower_threshold_int=\count333
\l__siunitx_number_upper_threshold_int=\count334
\l__siunitx_number_group_first_int=\count335
\l__siunitx_number_group_size_int=\count336
\l__siunitx_number_group_minimum_int=\count337
\l__siunitx_angle_tmp_dim=\dimen289
\l__siunitx_angle_marker_box=\box71
\l__siunitx_angle_unit_box=\box72
\l__siunitx_compound_count_int=\count338

(D:\WpSystem\S-1-5-21-3980317125-2991037478-2579826307-1003\AppData\Local\Packa
ges\MikTex\tex/latex/translations\translations.sty
Package: translations 2022/02/05 v1.12 internationalization of LaTeX2e packages
 (CN)

(D:\WpSystem\S-1-5-21-3980317125-2991037478-2579826307-1003\AppData\Local\Packa
ges\MikTex\tex/generic/pdftexcmds\pdftexcmds.sty
Package: pdftexcmds 2020-06-27 v0.33 Utility functions of pdfTeX for LuaTeX (HO
)

(D:\WpSystem\S-1-5-21-3980317125-2991037478-2579826307-1003\AppData\Local\Packa
ges\MikTex\tex/generic/infwarerr\infwarerr.sty
Package: infwarerr 2019/12/03 v1.5 Providing info/warning/error messages (HO)
)
(D:\WpSystem\S-1-5-21-3980317125-2991037478-2579826307-1003\AppData\Local\Packa
ges\MikTex\tex/generic/ltxcmds\ltxcmds.sty
Package: ltxcmds 2023-12-04 v1.26 LaTeX kernel commands for general use (HO)
)
Package pdftexcmds Info: \pdf@primitive is available.
Package pdftexcmds Info: \pdf@ifprimitive is available.
Package pdftexcmds Info: \pdfdraftmode found.
))
\l__siunitx_table_tmp_box=\box73
\l__siunitx_table_tmp_dim=\dimen290
\l__siunitx_table_column_width_dim=\dimen291
\l__siunitx_table_integer_box=\box74
\l__siunitx_table_decimal_box=\box75
\l__siunitx_table_uncert_box=\box76
\l__siunitx_table_before_box=\box77
\l__siunitx_table_after_box=\box78
\l__siunitx_table_before_dim=\dimen292
\l__siunitx_table_carry_dim=\dimen293
\l__siunitx_unit_tmp_int=\count339
\l__siunitx_unit_position_int=\count340
\l__siunitx_unit_total_int=\count341
)
(D:\WpSystem\S-1-5-21-3980317125-2991037478-2579826307-1003\AppData\Local\Packa
ges\MikTex\tex/latex/hyperref\hyperref.sty
Package: hyperref 2025-07-12 v7.01o Hypertext links for LaTeX

(D:\WpSystem\S-1-5-21-3980317125-2991037478-2579826307-1003\AppData\Local\Packa
ges\MikTex\tex/latex/kvsetkeys\kvsetkeys.sty
Package: kvsetkeys 2022-10-05 v1.19 Key value parser (HO)
)
(D:\WpSystem\S-1-5-21-3980317125-2991037478-2579826307-1003\AppData\Local\Packa
ges\MikTex\tex/generic/kvdefinekeys\kvdefinekeys.sty
Package: kvdefinekeys 2019-12-19 v1.6 Define keys (HO)
)
(D:\WpSystem\S-1-5-21-3980317125-2991037478-2579826307-1003\AppData\Local\Packa
ges\MikTex\tex/generic/pdfescape\pdfescape.sty
Package: pdfescape 2019/12/09 v1.15 Implements pdfTeX's escape features (HO)
)
(D:\WpSystem\S-1-5-21-3980317125-2991037478-2579826307-1003\AppData\Local\Packa
ges\MikTex\tex/latex/hycolor\hycolor.sty
Package: hycolor 2020-01-27 v1.10 Color options for hyperref/bookmark (HO)
)
(D:\WpSystem\S-1-5-21-3980317125-2991037478-2579826307-1003\AppData\Local\Packa
ges\MikTex\tex/latex/hyperref\nameref.sty
Package: nameref 2025-06-21 v2.57 Cross-referencing by name of section

(D:\WpSystem\S-1-5-21-3980317125-2991037478-2579826307-1003\AppData\Local\Packa
ges\MikTex\tex/latex/refcount\refcount.sty
Package: refcount 2019/12/15 v3.6 Data extraction from label references (HO)
)
(D:\WpSystem\S-1-5-21-3980317125-2991037478-2579826307-1003\AppData\Local\Packa
ges\MikTex\tex/generic/gettitlestring\gettitlestring.sty
Package: gettitlestring 2019/12/15 v1.6 Cleanup title references (HO)

(D:\WpSystem\S-1-5-21-3980317125-2991037478-2579826307-1003\AppData\Local\Packa
ges\MikTex\tex/latex/kvoptions\kvoptions.sty
Package: kvoptions 2022-06-15 v3.15 Key value format for package options (HO)
))
\c@section@level=\count342
)
(D:\WpSystem\S-1-5-21-3980317125-2991037478-2579826307-1003\AppData\Local\Packa
ges\MikTex\tex/generic/stringenc\stringenc.sty
Package: stringenc 2019/11/29 v1.12 Convert strings between diff. encodings (HO
)
)
\@linkdim=\dimen294
\Hy@linkcounter=\count343
\Hy@pagecounter=\count344

(D:\WpSystem\S-1-5-21-3980317125-2991037478-2579826307-1003\AppData\Local\Packa
ges\MikTex\tex/latex/hyperref\pd1enc.def
File: pd1enc.def 2025-07-12 v7.01o Hyperref: PDFDocEncoding definition (HO)
Now handling font encoding PD1 ...
... no UTF-8 mapping file for font encoding PD1
)
(D:\WpSystem\S-1-5-21-3980317125-2991037478-2579826307-1003\AppData\Local\Packa
ges\MikTex\tex/generic/intcalc\intcalc.sty
Package: intcalc 2019/12/15 v1.3 Expandable calculations with integers (HO)
)
\Hy@SavedSpaceFactor=\count345

(D:\WpSystem\S-1-5-21-3980317125-2991037478-2579826307-1003\AppData\Local\Packa
ges\MikTex\tex/latex/hyperref\puenc.def
File: puenc.def 2025-07-12 v7.01o Hyperref: PDF Unicode definition (HO)
Now handling font encoding PU ...
... no UTF-8 mapping file for font encoding PU
)
Package hyperref Info: Hyper figures OFF on input line 4195.
Package hyperref Info: Link nesting OFF on input line 4200.
Package hyperref Info: Hyper index ON on input line 4203.
Package hyperref Info: Plain pages OFF on input line 4210.
Package hyperref Info: Backreferencing OFF on input line 4215.
Package hyperref Info: Implicit mode ON; LaTeX internals redefined.
Package hyperref Info: Bookmarks ON on input line 4462.
\c@Hy@tempcnt=\count346

(D:\WpSystem\S-1-5-21-3980317125-2991037478-2579826307-1003\AppData\Local\Packa
ges\MikTex\tex/latex/url\url.sty
\Urlmuskip=\muskip18
Package: url 2013/09/16  ver 3.4  Verb mode for urls, etc.
)
LaTeX Info: Redefining \url on input line 4801.
\XeTeXLinkMargin=\dimen295

(D:\WpSystem\S-1-5-21-3980317125-2991037478-2579826307-1003\AppData\Local\Packa
ges\MikTex\tex/generic/bitset\bitset.sty
Package: bitset 2019/12/09 v1.3 Handle bit-vector datatype (HO)

(D:\WpSystem\S-1-5-21-3980317125-2991037478-2579826307-1003\AppData\Local\Packa
ges\MikTex\tex/generic/bigintcalc\bigintcalc.sty
Package: bigintcalc 2019/12/15 v1.5 Expandable calculations on big integers (HO
)
))
\Fld@menulength=\count347
\Field@Width=\dimen296
\Fld@charsize=\dimen297
Package hyperref Info: Hyper figures OFF on input line 6078.
Package hyperref Info: Link nesting OFF on input line 6083.
Package hyperref Info: Hyper index ON on input line 6086.
Package hyperref Info: backreferencing OFF on input line 6093.
Package hyperref Info: Link coloring OFF on input line 6098.
Package hyperref Info: Link coloring with OCG OFF on input line 6103.
Package hyperref Info: PDF/A mode OFF on input line 6108.
\Hy@abspage=\count348
\c@Item=\count349
\c@Hfootnote=\count350
)
Package hyperref Info: Driver (autodetected): hpdftex.

(D:\WpSystem\S-1-5-21-3980317125-2991037478-2579826307-1003\AppData\Local\Packa
ges\MikTex\tex/latex/hyperref\hpdftex.def
File: hpdftex.def 2025-07-12 v7.01o Hyperref driver for pdfTeX
\Fld@listcount=\count351
\c@bookmark@seq@number=\count352

(D:\WpSystem\S-1-5-21-3980317125-2991037478-2579826307-1003\AppData\Local\Packa
ges\MikTex\tex/latex/rerunfilecheck\rerunfilecheck.sty
Package: rerunfilecheck 2025-06-21 v1.11 Rerun checks for auxiliary files (HO)

(D:\WpSystem\S-1-5-21-3980317125-2991037478-2579826307-1003\AppData\Local\Packa
ges\MikTex\tex/generic/uniquecounter\uniquecounter.sty
Package: uniquecounter 2019/12/15 v1.4 Provide unlimited unique counter (HO)
)
Package uniquecounter Info: New unique counter `rerunfilecheck' on input line 2
84.
)
\Hy@SectionHShift=\skip57
)
Package hyperref Info: Option `colorlinks' set `true' on input line 35.

(D:\WpSystem\S-1-5-21-3980317125-2991037478-2579826307-1003\AppData\Local\Packa
ges\MikTex\tex/latex/enumitem\enumitem.sty
Package: enumitem 2025/02/06 v3.11 Customized lists
\labelindent=\skip58
\enit@outerparindent=\dimen298
\enit@toks=\toks43
\enit@inbox=\box79
\enit@count@id=\count353
\enitdp@description=\count354
)
(D:\WpSystem\S-1-5-21-3980317125-2991037478-2579826307-1003\AppData\Local\Packa
ges\MikTex\tex/latex/tocbibind\tocbibind.sty
Package: tocbibind 2010/10/13 v1.5k extra ToC listings
Package tocbibind Info: The document has chapter divisions on input line 50.


Package tocbibind Note: Using chapter style headings, unless overridden.

)
(D:\WpSystem\S-1-5-21-3980317125-2991037478-2579826307-1003\AppData\Local\Packa
ges\MikTex\tex/latex/fancyhdr\fancyhdr.sty
Package: fancyhdr 2025/02/07 v5.2 Extensive control of page headers and footers

\f@nch@headwidth=\skip59
\f@nch@offset@elh=\skip60
\f@nch@offset@erh=\skip61
\f@nch@offset@olh=\skip62
\f@nch@offset@orh=\skip63
\f@nch@offset@elf=\skip64
\f@nch@offset@erf=\skip65
\f@nch@offset@olf=\skip66
\f@nch@offset@orf=\skip67
\f@nch@height=\skip68
\f@nch@footalignment=\skip69
\f@nch@widthL=\skip70
\f@nch@widthC=\skip71
\f@nch@widthR=\skip72
\@temptokenb=\toks44
)
Package translations Info: No language package found. I am going to use `englis
h' as default language. on input line 59.
LaTeX Font Info:    Trying to load font information for T1+lmr on input line 59
.

(D:\WpSystem\S-1-5-21-3980317125-2991037478-2579826307-1003\AppData\Local\Packa
ges\MikTex\tex/latex/lm\t1lmr.fd
File: t1lmr.fd 2015/05/01 v1.6.1 Font defs for Latin Modern
)
(D:\WpSystem\S-1-5-21-3980317125-2991037478-2579826307-1003\AppData\Local\Packa
ges\MikTex\tex/latex/l3backend\l3backend-pdftex.def
File: l3backend-pdftex.def 2025-06-09 L3 backend support: PDF output (pdfTeX)
\l__color_backend_stack_int=\count355
) (Final_Report.aux)
\openout1 = `Final_Report.aux'.

LaTeX Font Info:    Checking defaults for OML/cmm/m/it on input line 59.
LaTeX Font Info:    ... okay on input line 59.
LaTeX Font Info:    Checking defaults for OMS/cmsy/m/n on input line 59.
LaTeX Font Info:    ... okay on input line 59.
LaTeX Font Info:    Checking defaults for OT1/cmr/m/n on input line 59.
LaTeX Font Info:    ... okay on input line 59.
LaTeX Font Info:    Checking defaults for T1/cmr/m/n on input line 59.
LaTeX Font Info:    ... okay on input line 59.
LaTeX Font Info:    Checking defaults for TS1/cmr/m/n on input line 59.
LaTeX Font Info:    ... okay on input line 59.
LaTeX Font Info:    Checking defaults for OMX/cmex/m/n on input line 59.
LaTeX Font Info:    ... okay on input line 59.
LaTeX Font Info:    Checking defaults for U/cmr/m/n on input line 59.
LaTeX Font Info:    ... okay on input line 59.
LaTeX Font Info:    Checking defaults for PD1/pdf/m/n on input line 59.
LaTeX Font Info:    ... okay on input line 59.
LaTeX Font Info:    Checking defaults for PU/pdf/m/n on input line 59.
LaTeX Font Info:    ... okay on input line 59.

(D:\WpSystem\S-1-5-21-3980317125-2991037478-2579826307-1003\AppData\Local\Packa
ges\MikTex\tex/context/base/mkii\supp-pdf.mkii
[Loading MPS to PDF converter (version 2006.09.02).]
\scratchcounter=\count356
\scratchdimen=\dimen299
\scratchbox=\box80
\nofMPsegments=\count357
\nofMParguments=\count358
\everyMPshowfont=\toks45
\MPscratchCnt=\count359
\MPscratchDim=\dimen300
\MPnumerator=\count360
\makeMPintoPDFobject=\count361
\everyMPtoPDFconversion=\toks46
)
(D:\WpSystem\S-1-5-21-3980317125-2991037478-2579826307-1003\AppData\Local\Packa
ges\MikTex\tex/latex/epstopdf-pkg\epstopdf-base.sty
Package: epstopdf-base 2020-01-24 v2.11 Base part for package epstopdf
Package epstopdf-base Info: Redefining graphics rule for `.eps' on input line 4
85.

(D:\WpSystem\S-1-5-21-3980317125-2991037478-2579826307-1003\AppData\Local\Packa
ges\MikTex\tex/latex/00miktex\epstopdf-sys.cfg
File: epstopdf-sys.cfg 2021/03/18 v2.0 Configuration of epstopdf for MiKTeX
))
LaTeX Info: Redefining \microtypecontext on input line 59.
Package microtype Info: Applying patch `item' on input line 59.
Package microtype Info: Applying patch `toc' on input line 59.
Package microtype Info: Applying patch `eqnum' on input line 59.
Package microtype Info: Applying patch `footnote' on input line 59.
Package microtype Info: Applying patch `verbatim' on input line 59.
LaTeX Info: Redefining \microtypesetup on input line 59.
Package microtype Info: Generating PDF output.
Package microtype Info: Character protrusion enabled (level 2).
Package microtype Info: Using default protrusion set `alltext'.
Package microtype Info: Automatic font expansion enabled (level 2),
(microtype)             stretch: 20, shrink: 20, step: 1, non-selected.
Package microtype Info: Using default expansion set `alltext-nott'.
Package microtype Info: Patching command `\showhyphens'.
Package microtype Info: No adjustment of tracking.
Package microtype Info: No adjustment of interword spacing.
Package microtype Info: No adjustment of character kerning.

(D:\WpSystem\S-1-5-21-3980317125-2991037478-2579826307-1003\AppData\Local\Packa
ges\MikTex\tex/latex/microtype\mt-cmr.cfg
File: mt-cmr.cfg 2013/05/19 v2.2 microtype config. file: Computer Modern Roman 
(RS)
)
*geometry* driver: auto-detecting
*geometry* detected driver: pdftex
*geometry* verbose mode - [ preamble ] result:
* driver: pdftex
* paper: a4paper
* layout: <same size as paper>
* layoutoffset:(h,v)=(0.0pt,0.0pt)
* modes: 
* h-part:(L,W,R)=(72.26999pt, 452.9679pt, 72.26999pt)
* v-part:(T,H,B)=(72.26999pt, 700.50687pt, 72.26999pt)
* \paperwidth=597.50787pt
* \paperheight=845.04684pt
* \textwidth=452.9679pt
* \textheight=700.50687pt
* \oddsidemargin=0.0pt
* \evensidemargin=0.0pt
* \topmargin=-37.0pt
* \headheight=15.0pt
* \headsep=25.0pt
* \topskip=12.0pt
* \footskip=30.0pt
* \marginparwidth=35.0pt
* \marginparsep=10.0pt
* \columnsep=10.0pt
* \skip\footins=10.8pt plus 4.0pt minus 2.0pt
* \hoffset=0.0pt
* \voffset=0.0pt
* \mag=1000
* \@twocolumnfalse
* \@twosidefalse
* \@mparswitchfalse
* \@reversemarginfalse
* (1in=72.27pt=25.4mm, 1cm=28.453pt)

Package caption Info: Begin \AtBeginDocument code.
Package caption Info: float package is loaded.
Package caption Info: hyperref package is loaded.
Package caption Info: End \AtBeginDocument code.

(D:\WpSystem\S-1-5-21-3980317125-2991037478-2579826307-1003\AppData\Local\Packa
ges\MikTex\tex/latex/translations/dicts\translations-basic-dictionary-english.t
rsl
File: translations-basic-dictionary-english.trsl (english translation file `tra
nslations-basic-dictionary')
)
Package translations Info: loading dictionary `translations-basic-dictionary' f
or `english'. on input line 59.
Package hyperref Info: Link coloring ON on input line 59.
 (Final_Report.out) (Final_Report.out)
\@outlinefile=\write4
\openout4 = `Final_Report.out'.

<rgukt_logo.png, id=446, 284.56313pt x 351.56343pt>
File: rgukt_logo.png Graphic file (type png)
<use rgukt_logo.png>
Package pdftex.def Info: rgukt_logo.png  used on input line 84.
(pdftex.def)             Requested size: 99.58464pt x 123.03294pt.


[1

{C:/Users/inavarS/AppData/Local/MiKTeX/fonts/map/pdftex/pdftex.map}{D:/WpSystem
/S-1-5-21-3980317125-2991037478-2579826307-1003/AppData/Local/Packages/MikTex/f
onts/enc/dvips/lm/lm-ec.enc} <./rgukt_logo.png>]


pdfTeX warning (ext4): destination with the same identifier (name{page.1}) has 
been already used, duplicate ignored
<to be read again> 
                   \relax 
l.114 \newpage
               [1]

[2]

[1] (Final_Report.toc
LaTeX Font Info:    Trying to load font information for OT1+lmr on input line 6
.

(D:\WpSystem\S-1-5-21-3980317125-2991037478-2579826307-1003\AppData\Local\Packa
ges\MikTex\tex/latex/lm\ot1lmr.fd
File: ot1lmr.fd 2015/05/01 v1.6.1 Font defs for Latin Modern
)
LaTeX Font Info:    Trying to load font information for OML+lmm on input line 6
.

(D:\WpSystem\S-1-5-21-3980317125-2991037478-2579826307-1003\AppData\Local\Packa
ges\MikTex\tex/latex/lm\omllmm.fd
File: omllmm.fd 2015/05/01 v1.6.1 Font defs for Latin Modern
)
LaTeX Font Info:    Trying to load font information for OMS+lmsy on input line 
6.

(D:\WpSystem\S-1-5-21-3980317125-2991037478-2579826307-1003\AppData\Local\Packa
ges\MikTex\tex/latex/lm\omslmsy.fd
File: omslmsy.fd 2015/05/01 v1.6.1 Font defs for Latin Modern
)
LaTeX Font Info:    Trying to load font information for OMX+lmex on input line 
6.

(D:\WpSystem\S-1-5-21-3980317125-2991037478-2579826307-1003\AppData\Local\Packa
ges\MikTex\tex/latex/lm\omxlmex.fd
File: omxlmex.fd 2015/05/01 v1.6.1 Font defs for Latin Modern
)
LaTeX Font Info:    External font `lmex10' loaded for size
(Font)              <12> on input line 6.
LaTeX Font Info:    External font `lmex10' loaded for size
(Font)              <8> on input line 6.
LaTeX Font Info:    External font `lmex10' loaded for size
(Font)              <6> on input line 6.
LaTeX Font Info:    Trying to load font information for U+msa on input line 6.

(D:\WpSystem\S-1-5-21-3980317125-2991037478-2579826307-1003\AppData\Local\Packa
ges\MikTex\tex/latex/amsfonts\umsa.fd
File: umsa.fd 2013/01/14 v3.01 AMS symbols A
)
(D:\WpSystem\S-1-5-21-3980317125-2991037478-2579826307-1003\AppData\Local\Packa
ges\MikTex\tex/latex/microtype\mt-msa.cfg
File: mt-msa.cfg 2006/02/04 v1.1 microtype config. file: AMS symbols (a) (RS)
)
LaTeX Font Info:    Trying to load font information for U+msb on input line 6.

(D:\WpSystem\S-1-5-21-3980317125-2991037478-2579826307-1003\AppData\Local\Packa
ges\MikTex\tex/latex/amsfonts\umsb.fd
File: umsb.fd 2013/01/14 v3.01 AMS symbols B
)
(D:\WpSystem\S-1-5-21-3980317125-2991037478-2579826307-1003\AppData\Local\Packa
ges\MikTex\tex/latex/microtype\mt-msb.cfg
File: mt-msb.cfg 2005/06/01 v1.0 microtype config. file: AMS symbols (b) (RS)
)

[2

]

[3])
\tf@toc=\write5
\openout5 = `Final_Report.toc'.



[4] (Final_Report.lof)
\tf@lof=\write6
\openout6 = `Final_Report.lof'.



[5

] (Final_Report.lot)
\tf@lot=\write7
\openout7 = `Final_Report.lot'.



[6

]


pdfTeX warning (ext4): destination with the same identifier (name{page.1}) has 
been already used, duplicate ignored
<to be read again> 
                   \relax 
l.185 	\chapter
               {Introduction} [1


]
Chapter 1.
LaTeX Font Info:    Trying to load font information for TS1+lmr on input line 2
05.

(D:\WpSystem\S-1-5-21-3980317125-2991037478-2579826307-1003\AppData\Local\Packa
ges\MikTex\tex/latex/lm\ts1lmr.fd
File: ts1lmr.fd 2015/05/01 v1.6.1 Font defs for Latin Modern
)


pdfTeX warning (ext4): destination with the same identifier (name{page.2}) has 
been already used, duplicate ignored
<to be read again> 
                   \relax 
l.219 	\chapter
               {Problem Definition and System Requirements} [2

{D:/WpSystem/S-1-5-21-3980317125-2991037478-2579826307-1003/AppData/Local/Packa
ges/MikTex/fonts/enc/dvips/lm/lm-ts1.enc}]
Chapter 2.


[3

]
Chapter 3.


[4

]

[5]

[6]
Chapter 4.


[7

]
<Pre_processing_Adv.png, id=641, 474.27188pt x 661.72218pt>
File: Pre_processing_Adv.png Graphic file (type png)
<use Pre_processing_Adv.png>
Package pdftex.def Info: Pre_processing_Adv.png  used on input line 373.
(pdftex.def)             Requested size: 362.37569pt x 505.6201pt.


[8]

[9 <./Pre_processing_Adv.png>]
Chapter 5.


[10

]

[11]
Chapter 6.


[12

]

[13]

[14]
Chapter 7.


[15

{D:/WpSystem/S-1-5-21-3980317125-2991037478-2579826307-1003/AppData/Local/Packa
ges/MikTex/fonts/enc/dvips/lm/lm-mathit.enc}{D:/WpSystem/S-1-5-21-3980317125-29
91037478-2579826307-1003/AppData/Local/Packages/MikTex/fonts/enc/dvips/lm/lm-rm
.enc}{D:/WpSystem/S-1-5-21-3980317125-2991037478-2579826307-1003/AppData/Local/
Packages/MikTex/fonts/enc/dvips/lm/lm-mathsy.enc}{D:/WpSystem/S-1-5-21-39803171
25-2991037478-2579826307-1003/AppData/Local/Packages/MikTex/fonts/enc/dvips/lm/
lm-mathex.enc}]

[16]
Chapter 8.


[17

]

[18]
Chapter 9.
<acc vs loss_adv.png, id=708, 570.933pt x 354.123pt>
File: acc vs loss_adv.png Graphic file (type png)
<use acc vs loss_adv.png>
Package pdftex.def Info: acc vs loss_adv.png  used on input line 637.
(pdftex.def)             Requested size: 407.66833pt x 252.8664pt.


[19

]
<confusion_matrix.png, id=713, 443.40656pt x 342.5297pt>
File: confusion_matrix.png Graphic file (type png)
<use confusion_matrix.png>
Package pdftex.def Info: confusion_matrix.png  used on input line 649.
(pdftex.def)             Requested size: 317.07614pt x 244.9539pt.


[20 <./acc vs loss_adv.png> <./confusion_matrix.png>]

[21]
Chapter 10.


[22

]

[23]

[24]
Chapter 11.

LaTeX Warning: Citation `ref4' on page 25 undefined on input line 754.


LaTeX Warning: Citation `ref5' on page 25 undefined on input line 754.


LaTeX Warning: Citation `ref6' on page 25 undefined on input line 756.


LaTeX Warning: Citation `ref7' on page 25 undefined on input line 758.


LaTeX Warning: Citation `ref8' on page 25 undefined on input line 760.



[25

]

LaTeX Warning: Citation `ref9' on page 26 undefined on input line 764.


LaTeX Warning: Citation `ref10' on page 26 undefined on input line 764.

<gunshot_cost.png, id=741, 415.5525pt x 257.46187pt>
File: gunshot_cost.png Graphic file (type png)
<use gunshot_cost.png>
Package pdftex.def Info: gunshot_cost.png  used on input line 776.
(pdftex.def)             Requested size: 339.72592pt x 210.49152pt.


[26 <./gunshot_cost.png>]

[27]
Chapter 12.


[28

]

[29]

[30]
Chapter 13.


[31

]

[32]
Chapter 14.


[33

]
Chapter 15.


[34

]

[35]
Chapter 16.


[36

]
LaTeX Font Info:    Trying to load font information for T1+lmtt on input line 9
64.

(D:\WpSystem\S-1-5-21-3980317125-2991037478-2579826307-1003\AppData\Local\Packa
ges\MikTex\tex/latex/lm\t1lmtt.fd
File: t1lmtt.fd 2015/05/01 v1.6.1 Font defs for Latin Modern
)
Package microtype Info: Loading generic protrusion settings for font family
(microtype)             `lmtt' (encoding: T1).
(microtype)             For optimal results, create family-specific settings.
(microtype)             See the microtype manual for details.

Underfull \hbox (badness 7433) in paragraph at lines 1027--1030
\T1/lmr/m/n/12 (+20) Avail-able: [][]$\T1/lmtt/m/n/12 https : / / github . com 
/ tensorflow / models / tree / master / research /
 []



[37

]

[38] (Final_Report.aux)
 ***********
LaTeX2e <2025-06-01> patch level 1
L3 programming layer <2025-09-02>
 ***********


LaTeX Warning: There were undefined references.

Package rerunfilecheck Info: File `Final_Report.out' has not changed.
(rerunfilecheck)             Checksum: 06C90020BF76E2237A714851625CB5F3;20841.
 ) 
Here is how much of TeX's memory you used:
 30590 strings out of 468080
 635590 string characters out of 5404596
 1004854 words of memory out of 5000000
 58456 multiletter control sequences out of 15000+600000
 695735 words of font info for 160 fonts, out of 8000000 for 9000
 1141 hyphenation exceptions out of 8191
 102i,12n,107p,1011b,1181s stack positions out of 10000i,1000n,20000p,200000b,200000s
<D:/WpSystem/S-1-5-21-3980317125-2991037478-2579826307-1003/AppData/Local/Pac
kages/MikTex/fonts/type1/public/lm/lmbx12.pfb><D:/WpSystem/S-1-5-21-3980317125-
2991037478-2579826307-1003/AppData/Local/Packages/MikTex/fonts/type1/public/lm/
lmex10.pfb><D:/WpSystem/S-1-5-21-3980317125-2991037478-2579826307-1003/AppData/
Local/Packages/MikTex/fonts/type1/public/lm/lmmi12.pfb><D:/WpSystem/S-1-5-21-39
80317125-2991037478-2579826307-1003/AppData/Local/Packages/MikTex/fonts/type1/p
ublic/lm/lmmi8.pfb><D:/WpSystem/S-1-5-21-3980317125-2991037478-2579826307-1003/
AppData/Local/Packages/MikTex/fonts/type1/public/lm/lmr10.pfb><D:/WpSystem/S-1-
5-21-3980317125-2991037478-2579826307-1003/AppData/Local/Packages/MikTex/fonts/
type1/public/lm/lmr12.pfb><D:/WpSystem/S-1-5-21-3980317125-2991037478-257982630
7-1003/AppData/Local/Packages/MikTex/fonts/type1/public/lm/lmr8.pfb><D:/WpSyste
m/S-1-5-21-3980317125-2991037478-2579826307-1003/AppData/Local/Packages/MikTex/
fonts/type1/public/lm/lmri12.pfb><D:/WpSystem/S-1-5-21-3980317125-2991037478-25
79826307-1003/AppData/Local/Packages/MikTex/fonts/type1/public/lm/lmsy10.pfb><D
:/WpSystem/S-1-5-21-3980317125-2991037478-2579826307-1003/AppData/Local/Package
s/MikTex/fonts/type1/public/lm/lmsy8.pfb><D:/WpSystem/S-1-5-21-3980317125-29910
37478-2579826307-1003/AppData/Local/Packages/MikTex/fonts/type1/public/lm/lmtt1
2.pfb><D:/WpSystem/S-1-5-21-3980317125-2991037478-2579826307-1003/AppData/Local
/Packages/MikTex/fonts/type1/public/amsfonts/symbols/msbm10.pfb>
Output written on Final_Report.pdf (47 pages, 1209742 bytes).
PDF statistics:
 933 PDF objects out of 1000 (max. 8388607)
 191 named destinations out of 1000 (max. 500000)
 40342 words of extra memory for PDF output out of 42996 (max. 10000000)

