This is pdfTeX, Version 3.141592653-2.6-1.40.27 (MiKTeX 25.4) (preloaded format=pdflatex 2025.10.21)  24 OCT 2025 18:01
entering extended mode
 restricted \write18 enabled.
 %&-line parsing enabled.
**./Prasentation.tex
(Prasentation.tex
LaTeX2e <2025-06-01> patch level 1
L3 programming layer <2025-09-02>

(D:\WpSystem\S-1-5-21-3980317125-2991037478-2579826307-1003\AppData\Local\Packa
ges\MikTex\tex/latex/beamer\beamer.cls
Document Class: beamer 2025/08/13 v3.76 A class for typesetting presentations

(D:\WpSystem\S-1-5-21-3980317125-2991037478-2579826307-1003\AppData\Local\Packa
ges\MikTex\tex/latex/beamer\beamerbasemodes.sty
(D:\WpSystem\S-1-5-21-3980317125-2991037478-2579826307-1003\AppData\Local\Packa
ges\MikTex\tex/latex/etoolbox\etoolbox.sty
Package: etoolbox 2025/10/02 v2.5m e-TeX tools for LaTeX (JAW)
\etb@tempcnta=\count275
)
\beamer@tempbox=\box53
\beamer@tempcount=\count276
\c@beamerpauses=\count277

(D:\WpSystem\S-1-5-21-3980317125-2991037478-2579826307-1003\AppData\Local\Packa
ges\MikTex\tex/latex/beamer\beamerbasedecode.sty
\beamer@slideinframe=\count278
\beamer@minimum=\count279
\beamer@decode@box=\box54
)
\beamer@commentbox=\box55
\beamer@modecount=\count280
)
(D:\WpSystem\S-1-5-21-3980317125-2991037478-2579826307-1003\AppData\Local\Packa
ges\MikTex\tex/generic/iftex\iftex.sty
Package: iftex 2024/12/12 v1.0g TeX engine tests
)
\headdp=\dimen148
\footheight=\dimen149
\sidebarheight=\dimen150
\beamer@tempdim=\dimen151
\beamer@finalheight=\dimen152
\beamer@animht=\dimen153
\beamer@animdp=\dimen154
\beamer@animwd=\dimen155
\beamer@leftmargin=\dimen156
\beamer@rightmargin=\dimen157
\beamer@leftsidebar=\dimen158
\beamer@rightsidebar=\dimen159
\beamer@boxsize=\dimen160
\beamer@vboxoffset=\dimen161
\beamer@descdefault=\dimen162
\beamer@descriptionwidth=\dimen163
\beamer@lastskip=\skip49
\beamer@areabox=\box56
\beamer@animcurrent=\box57
\beamer@animshowbox=\box58
\beamer@sectionbox=\box59
\beamer@logobox=\box60
\beamer@linebox=\box61
\beamer@sectioncount=\count281
\beamer@subsubsectionmax=\count282
\beamer@subsectionmax=\count283
\beamer@sectionmax=\count284
\beamer@totalheads=\count285
\beamer@headcounter=\count286
\beamer@partstartpage=\count287
\beamer@sectionstartpage=\count288
\beamer@subsectionstartpage=\count289
\beamer@animationtempa=\count290
\beamer@animationtempb=\count291
\beamer@xpos=\count292
\beamer@ypos=\count293
\beamer@ypos@offset=\count294
\beamer@showpartnumber=\count295
\beamer@currentsubsection=\count296
\beamer@coveringdepth=\count297
\beamer@sectionadjust=\count298
\beamer@toclastsection=\count299
\beamer@tocsectionnumber=\count300

(D:\WpSystem\S-1-5-21-3980317125-2991037478-2579826307-1003\AppData\Local\Packa
ges\MikTex\tex/latex/beamer\beamerbaseoptions.sty
(D:\WpSystem\S-1-5-21-3980317125-2991037478-2579826307-1003\AppData\Local\Packa
ges\MikTex\tex/latex/graphics\keyval.sty
Package: keyval 2022/05/29 v1.15 key=value parser (DPC)
\KV@toks@=\toks17
))
\beamer@paperwidth=\skip50
\beamer@paperheight=\skip51

(D:\WpSystem\S-1-5-21-3980317125-2991037478-2579826307-1003\AppData\Local\Packa
ges\MikTex\tex/latex/geometry\geometry.sty
Package: geometry 2020/01/02 v5.9 Page Geometry

(D:\WpSystem\S-1-5-21-3980317125-2991037478-2579826307-1003\AppData\Local\Packa
ges\MikTex\tex/generic/iftex\ifvtex.sty
Package: ifvtex 2019/10/25 v1.7 ifvtex legacy package. Use iftex instead.
)
\Gm@cnth=\count301
\Gm@cntv=\count302
\c@Gm@tempcnt=\count303
\Gm@bindingoffset=\dimen164
\Gm@wd@mp=\dimen165
\Gm@odd@mp=\dimen166
\Gm@even@mp=\dimen167
\Gm@layoutwidth=\dimen168
\Gm@layoutheight=\dimen169
\Gm@layouthoffset=\dimen170
\Gm@layoutvoffset=\dimen171
\Gm@dimlist=\toks18

(D:\WpSystem\S-1-5-21-3980317125-2991037478-2579826307-1003\AppData\Local\Packa
ges\MikTex\tex/latex/geometry\geometry.cfg))
(D:\WpSystem\S-1-5-21-3980317125-2991037478-2579826307-1003\AppData\Local\Packa
ges\MikTex\tex/latex/pgf/math\pgfmath.sty
(D:\WpSystem\S-1-5-21-3980317125-2991037478-2579826307-1003\AppData\Local\Packa
ges\MikTex\tex/latex/pgf/utilities\pgfrcs.sty
(D:\WpSystem\S-1-5-21-3980317125-2991037478-2579826307-1003\AppData\Local\Packa
ges\MikTex\tex/generic/pgf/utilities\pgfutil-common.tex
\pgfutil@everybye=\toks19
\pgfutil@tempdima=\dimen172
\pgfutil@tempdimb=\dimen173
)
(D:\WpSystem\S-1-5-21-3980317125-2991037478-2579826307-1003\AppData\Local\Packa
ges\MikTex\tex/generic/pgf/utilities\pgfutil-latex.def
\pgfutil@abb=\box62
)
(D:\WpSystem\S-1-5-21-3980317125-2991037478-2579826307-1003\AppData\Local\Packa
ges\MikTex\tex/generic/pgf/utilities\pgfrcs.code.tex
(D:\WpSystem\S-1-5-21-3980317125-2991037478-2579826307-1003\AppData\Local\Packa
ges\MikTex\tex/generic/pgf\pgf.revision.tex)
Package: pgfrcs 2025-08-29 v3.1.11a (3.1.11a)
))
(D:\WpSystem\S-1-5-21-3980317125-2991037478-2579826307-1003\AppData\Local\Packa
ges\MikTex\tex/latex/pgf/utilities\pgfkeys.sty
(D:\WpSystem\S-1-5-21-3980317125-2991037478-2579826307-1003\AppData\Local\Packa
ges\MikTex\tex/generic/pgf/utilities\pgfkeys.code.tex
\pgfkeys@pathtoks=\toks20
\pgfkeys@temptoks=\toks21

(D:\WpSystem\S-1-5-21-3980317125-2991037478-2579826307-1003\AppData\Local\Packa
ges\MikTex\tex/generic/pgf/utilities\pgfkeyslibraryfiltered.code.tex
\pgfkeys@tmptoks=\toks22
)))
(D:\WpSystem\S-1-5-21-3980317125-2991037478-2579826307-1003\AppData\Local\Packa
ges\MikTex\tex/generic/pgf/math\pgfmath.code.tex
(D:\WpSystem\S-1-5-21-3980317125-2991037478-2579826307-1003\AppData\Local\Packa
ges\MikTex\tex/generic/pgf/math\pgfmathutil.code.tex
\pgf@x=\dimen174
\pgf@xa=\dimen175
\pgf@xb=\dimen176
\pgf@xc=\dimen177
\pgf@y=\dimen178
\pgf@ya=\dimen179
\pgf@yb=\dimen180
\pgf@yc=\dimen181
\c@pgf@counta=\count304
\c@pgf@countb=\count305
\c@pgf@countc=\count306
\c@pgf@countd=\count307
)
(D:\WpSystem\S-1-5-21-3980317125-2991037478-2579826307-1003\AppData\Local\Packa
ges\MikTex\tex/generic/pgf/math\pgfmathparser.code.tex
\pgfmath@dimen=\dimen182
\pgfmath@count=\count308
\pgfmath@box=\box63
\pgfmath@toks=\toks23
\pgfmath@stack@operand=\toks24
\pgfmath@stack@operation=\toks25
)
(D:\WpSystem\S-1-5-21-3980317125-2991037478-2579826307-1003\AppData\Local\Packa
ges\MikTex\tex/generic/pgf/math\pgfmathfunctions.code.tex)
(D:\WpSystem\S-1-5-21-3980317125-2991037478-2579826307-1003\AppData\Local\Packa
ges\MikTex\tex/generic/pgf/math\pgfmathfunctions.basic.code.tex)
(D:\WpSystem\S-1-5-21-3980317125-2991037478-2579826307-1003\AppData\Local\Packa
ges\MikTex\tex/generic/pgf/math\pgfmathfunctions.trigonometric.code.tex)
(D:\WpSystem\S-1-5-21-3980317125-2991037478-2579826307-1003\AppData\Local\Packa
ges\MikTex\tex/generic/pgf/math\pgfmathfunctions.random.code.tex)
(D:\WpSystem\S-1-5-21-3980317125-2991037478-2579826307-1003\AppData\Local\Packa
ges\MikTex\tex/generic/pgf/math\pgfmathfunctions.comparison.code.tex)
(D:\WpSystem\S-1-5-21-3980317125-2991037478-2579826307-1003\AppData\Local\Packa
ges\MikTex\tex/generic/pgf/math\pgfmathfunctions.base.code.tex)
(D:\WpSystem\S-1-5-21-3980317125-2991037478-2579826307-1003\AppData\Local\Packa
ges\MikTex\tex/generic/pgf/math\pgfmathfunctions.round.code.tex)
(D:\WpSystem\S-1-5-21-3980317125-2991037478-2579826307-1003\AppData\Local\Packa
ges\MikTex\tex/generic/pgf/math\pgfmathfunctions.misc.code.tex)
(D:\WpSystem\S-1-5-21-3980317125-2991037478-2579826307-1003\AppData\Local\Packa
ges\MikTex\tex/generic/pgf/math\pgfmathfunctions.integerarithmetics.code.tex)
(D:\WpSystem\S-1-5-21-3980317125-2991037478-2579826307-1003\AppData\Local\Packa
ges\MikTex\tex/generic/pgf/math\pgfmathcalc.code.tex)
(D:\WpSystem\S-1-5-21-3980317125-2991037478-2579826307-1003\AppData\Local\Packa
ges\MikTex\tex/generic/pgf/math\pgfmathfloat.code.tex
\c@pgfmathroundto@lastzeros=\count309
)))
(D:\WpSystem\S-1-5-21-3980317125-2991037478-2579826307-1003\AppData\Local\Packa
ges\MikTex\tex/latex/base\size10.clo
File: size10.clo 2025/01/22 v1.4n Standard LaTeX file (size option)
)
(D:\WpSystem\S-1-5-21-3980317125-2991037478-2579826307-1003\AppData\Local\Packa
ges\MikTex\tex/latex/pgf/basiclayer\pgfcore.sty
(D:\WpSystem\S-1-5-21-3980317125-2991037478-2579826307-1003\AppData\Local\Packa
ges\MikTex\tex/latex/graphics\graphicx.sty
Package: graphicx 2024/12/31 v1.2e Enhanced LaTeX Graphics (DPC,SPQR)

(D:\WpSystem\S-1-5-21-3980317125-2991037478-2579826307-1003\AppData\Local\Packa
ges\MikTex\tex/latex/graphics\graphics.sty
Package: graphics 2024/08/06 v1.4g Standard LaTeX Graphics (DPC,SPQR)

(D:\WpSystem\S-1-5-21-3980317125-2991037478-2579826307-1003\AppData\Local\Packa
ges\MikTex\tex/latex/graphics\trig.sty
Package: trig 2023/12/02 v1.11 sin cos tan (DPC)
)
(D:\WpSystem\S-1-5-21-3980317125-2991037478-2579826307-1003\AppData\Local\Packa
ges\MikTex\tex/latex/graphics-cfg\graphics.cfg
File: graphics.cfg 2016/06/04 v1.11 sample graphics configuration
)
Package graphics Info: Driver file: pdftex.def on input line 106.

(D:\WpSystem\S-1-5-21-3980317125-2991037478-2579826307-1003\AppData\Local\Packa
ges\MikTex\tex/latex/graphics-def\pdftex.def
File: pdftex.def 2025/09/29 v1.2d Graphics/color driver for pdftex
))
\Gin@req@height=\dimen183
\Gin@req@width=\dimen184
)
(D:\WpSystem\S-1-5-21-3980317125-2991037478-2579826307-1003\AppData\Local\Packa
ges\MikTex\tex/latex/pgf/systemlayer\pgfsys.sty
(D:\WpSystem\S-1-5-21-3980317125-2991037478-2579826307-1003\AppData\Local\Packa
ges\MikTex\tex/generic/pgf/systemlayer\pgfsys.code.tex
Package: pgfsys 2025-08-29 v3.1.11a (3.1.11a)
\pgf@x=\dimen185
\pgf@y=\dimen186
\pgf@xa=\dimen187
\pgf@ya=\dimen188
\pgf@xb=\dimen189
\pgf@yb=\dimen190
\pgf@xc=\dimen191
\pgf@yc=\dimen192
\pgf@xd=\dimen193
\pgf@yd=\dimen194
\w@pgf@writea=\write3
\r@pgf@reada=\read2
\c@pgf@counta=\count310
\c@pgf@countb=\count311
\c@pgf@countc=\count312
\c@pgf@countd=\count313
\t@pgf@toka=\toks26
\t@pgf@tokb=\toks27
\t@pgf@tokc=\toks28
\pgf@sys@id@count=\count314

(D:\WpSystem\S-1-5-21-3980317125-2991037478-2579826307-1003\AppData\Local\Packa
ges\MikTex\tex/generic/pgf/systemlayer\pgf.cfg
File: pgf.cfg 2025-08-29 v3.1.11a (3.1.11a)
)
Driver file for pgf: pgfsys-pdftex.def

(D:\WpSystem\S-1-5-21-3980317125-2991037478-2579826307-1003\AppData\Local\Packa
ges\MikTex\tex/generic/pgf/systemlayer\pgfsys-pdftex.def
File: pgfsys-pdftex.def 2025-08-29 v3.1.11a (3.1.11a)

(D:\WpSystem\S-1-5-21-3980317125-2991037478-2579826307-1003\AppData\Local\Packa
ges\MikTex\tex/generic/pgf/systemlayer\pgfsys-common-pdf.def
File: pgfsys-common-pdf.def 2025-08-29 v3.1.11a (3.1.11a)
)))
(D:\WpSystem\S-1-5-21-3980317125-2991037478-2579826307-1003\AppData\Local\Packa
ges\MikTex\tex/generic/pgf/systemlayer\pgfsyssoftpath.code.tex
File: pgfsyssoftpath.code.tex 2025-08-29 v3.1.11a (3.1.11a)
\pgfsyssoftpath@smallbuffer@items=\count315
\pgfsyssoftpath@bigbuffer@items=\count316
)
(D:\WpSystem\S-1-5-21-3980317125-2991037478-2579826307-1003\AppData\Local\Packa
ges\MikTex\tex/generic/pgf/systemlayer\pgfsysprotocol.code.tex
File: pgfsysprotocol.code.tex 2025-08-29 v3.1.11a (3.1.11a)
))
(D:\WpSystem\S-1-5-21-3980317125-2991037478-2579826307-1003\AppData\Local\Packa
ges\MikTex\tex/latex/xcolor\xcolor.sty
Package: xcolor 2024/09/29 v3.02 LaTeX color extensions (UK)

(D:\WpSystem\S-1-5-21-3980317125-2991037478-2579826307-1003\AppData\Local\Packa
ges\MikTex\tex/latex/graphics-cfg\color.cfg
File: color.cfg 2016/01/02 v1.6 sample color configuration
)
Package xcolor Info: Driver file: pdftex.def on input line 274.

(D:\WpSystem\S-1-5-21-3980317125-2991037478-2579826307-1003\AppData\Local\Packa
ges\MikTex\tex/latex/graphics\mathcolor.ltx)
Package xcolor Info: Model `cmy' substituted by `cmy0' on input line 1349.
Package xcolor Info: Model `hsb' substituted by `rgb' on input line 1353.
Package xcolor Info: Model `RGB' extended on input line 1365.
Package xcolor Info: Model `HTML' substituted by `rgb' on input line 1367.
Package xcolor Info: Model `Hsb' substituted by `hsb' on input line 1368.
Package xcolor Info: Model `tHsb' substituted by `hsb' on input line 1369.
Package xcolor Info: Model `HSB' substituted by `hsb' on input line 1370.
Package xcolor Info: Model `Gray' substituted by `gray' on input line 1371.
Package xcolor Info: Model `wave' substituted by `hsb' on input line 1372.
)
(D:\WpSystem\S-1-5-21-3980317125-2991037478-2579826307-1003\AppData\Local\Packa
ges\MikTex\tex/generic/pgf/basiclayer\pgfcore.code.tex
Package: pgfcore 2025-08-29 v3.1.11a (3.1.11a)

(D:\WpSystem\S-1-5-21-3980317125-2991037478-2579826307-1003\AppData\Local\Packa
ges\MikTex\tex/generic/pgf/math\pgfint.code.tex)
(D:\WpSystem\S-1-5-21-3980317125-2991037478-2579826307-1003\AppData\Local\Packa
ges\MikTex\tex/generic/pgf/basiclayer\pgfcorepoints.code.tex
File: pgfcorepoints.code.tex 2025-08-29 v3.1.11a (3.1.11a)
\pgf@picminx=\dimen195
\pgf@picmaxx=\dimen196
\pgf@picminy=\dimen197
\pgf@picmaxy=\dimen198
\pgf@pathminx=\dimen199
\pgf@pathmaxx=\dimen256
\pgf@pathminy=\dimen257
\pgf@pathmaxy=\dimen258
\pgf@xx=\dimen259
\pgf@xy=\dimen260
\pgf@yx=\dimen261
\pgf@yy=\dimen262
\pgf@zx=\dimen263
\pgf@zy=\dimen264
)
(D:\WpSystem\S-1-5-21-3980317125-2991037478-2579826307-1003\AppData\Local\Packa
ges\MikTex\tex/generic/pgf/basiclayer\pgfcorepathconstruct.code.tex
File: pgfcorepathconstruct.code.tex 2025-08-29 v3.1.11a (3.1.11a)
\pgf@path@lastx=\dimen265
\pgf@path@lasty=\dimen266
)
(D:\WpSystem\S-1-5-21-3980317125-2991037478-2579826307-1003\AppData\Local\Packa
ges\MikTex\tex/generic/pgf/basiclayer\pgfcorepathusage.code.tex
File: pgfcorepathusage.code.tex 2025-08-29 v3.1.11a (3.1.11a)
\pgf@shorten@end@additional=\dimen267
\pgf@shorten@start@additional=\dimen268
)
(D:\WpSystem\S-1-5-21-3980317125-2991037478-2579826307-1003\AppData\Local\Packa
ges\MikTex\tex/generic/pgf/basiclayer\pgfcorescopes.code.tex
File: pgfcorescopes.code.tex 2025-08-29 v3.1.11a (3.1.11a)
\pgfpic=\box64
\pgf@hbox=\box65
\pgf@layerbox@main=\box66
\pgf@picture@serial@count=\count317
)
(D:\WpSystem\S-1-5-21-3980317125-2991037478-2579826307-1003\AppData\Local\Packa
ges\MikTex\tex/generic/pgf/basiclayer\pgfcoregraphicstate.code.tex
File: pgfcoregraphicstate.code.tex 2025-08-29 v3.1.11a (3.1.11a)
\pgflinewidth=\dimen269
)
(D:\WpSystem\S-1-5-21-3980317125-2991037478-2579826307-1003\AppData\Local\Packa
ges\MikTex\tex/generic/pgf/basiclayer\pgfcoretransformations.code.tex
File: pgfcoretransformations.code.tex 2025-08-29 v3.1.11a (3.1.11a)
\pgf@pt@x=\dimen270
\pgf@pt@y=\dimen271
\pgf@pt@temp=\dimen272
)
(D:\WpSystem\S-1-5-21-3980317125-2991037478-2579826307-1003\AppData\Local\Packa
ges\MikTex\tex/generic/pgf/basiclayer\pgfcorequick.code.tex
File: pgfcorequick.code.tex 2025-08-29 v3.1.11a (3.1.11a)
)
(D:\WpSystem\S-1-5-21-3980317125-2991037478-2579826307-1003\AppData\Local\Packa
ges\MikTex\tex/generic/pgf/basiclayer\pgfcoreobjects.code.tex
File: pgfcoreobjects.code.tex 2025-08-29 v3.1.11a (3.1.11a)
)
(D:\WpSystem\S-1-5-21-3980317125-2991037478-2579826307-1003\AppData\Local\Packa
ges\MikTex\tex/generic/pgf/basiclayer\pgfcorepathprocessing.code.tex
File: pgfcorepathprocessing.code.tex 2025-08-29 v3.1.11a (3.1.11a)
)
(D:\WpSystem\S-1-5-21-3980317125-2991037478-2579826307-1003\AppData\Local\Packa
ges\MikTex\tex/generic/pgf/basiclayer\pgfcorearrows.code.tex
File: pgfcorearrows.code.tex 2025-08-29 v3.1.11a (3.1.11a)
\pgfarrowsep=\dimen273
)
(D:\WpSystem\S-1-5-21-3980317125-2991037478-2579826307-1003\AppData\Local\Packa
ges\MikTex\tex/generic/pgf/basiclayer\pgfcoreshade.code.tex
File: pgfcoreshade.code.tex 2025-08-29 v3.1.11a (3.1.11a)
\pgf@max=\dimen274
\pgf@sys@shading@range@num=\count318
\pgf@shadingcount=\count319
)
(D:\WpSystem\S-1-5-21-3980317125-2991037478-2579826307-1003\AppData\Local\Packa
ges\MikTex\tex/generic/pgf/basiclayer\pgfcoreimage.code.tex
File: pgfcoreimage.code.tex 2025-08-29 v3.1.11a (3.1.11a)
)
(D:\WpSystem\S-1-5-21-3980317125-2991037478-2579826307-1003\AppData\Local\Packa
ges\MikTex\tex/generic/pgf/basiclayer\pgfcoreexternal.code.tex
File: pgfcoreexternal.code.tex 2025-08-29 v3.1.11a (3.1.11a)
\pgfexternal@startupbox=\box67
)
(D:\WpSystem\S-1-5-21-3980317125-2991037478-2579826307-1003\AppData\Local\Packa
ges\MikTex\tex/generic/pgf/basiclayer\pgfcorelayers.code.tex
File: pgfcorelayers.code.tex 2025-08-29 v3.1.11a (3.1.11a)
)
(D:\WpSystem\S-1-5-21-3980317125-2991037478-2579826307-1003\AppData\Local\Packa
ges\MikTex\tex/generic/pgf/basiclayer\pgfcoretransparency.code.tex
File: pgfcoretransparency.code.tex 2025-08-29 v3.1.11a (3.1.11a)
)
(D:\WpSystem\S-1-5-21-3980317125-2991037478-2579826307-1003\AppData\Local\Packa
ges\MikTex\tex/generic/pgf/basiclayer\pgfcorepatterns.code.tex
File: pgfcorepatterns.code.tex 2025-08-29 v3.1.11a (3.1.11a)
)
(D:\WpSystem\S-1-5-21-3980317125-2991037478-2579826307-1003\AppData\Local\Packa
ges\MikTex\tex/generic/pgf/basiclayer\pgfcorerdf.code.tex
File: pgfcorerdf.code.tex 2025-08-29 v3.1.11a (3.1.11a)
)))
(D:\WpSystem\S-1-5-21-3980317125-2991037478-2579826307-1003\AppData\Local\Packa
ges\MikTex\tex/latex/pgf/utilities\xxcolor.sty
Package: xxcolor 2003/10/24 ver 0.1
\XC@nummixins=\count320
\XC@countmixins=\count321
)
(D:\WpSystem\S-1-5-21-3980317125-2991037478-2579826307-1003\AppData\Local\Packa
ges\MikTex\tex/latex/base\atbegshi-ltx.sty
Package: atbegshi-ltx 2021/01/10 v1.0c Emulation of the original atbegshi
package with kernel methods
)
(D:\WpSystem\S-1-5-21-3980317125-2991037478-2579826307-1003\AppData\Local\Packa
ges\MikTex\tex/latex/hyperref\hyperref.sty
Package: hyperref 2025-07-12 v7.01o Hypertext links for LaTeX

(D:\WpSystem\S-1-5-21-3980317125-2991037478-2579826307-1003\AppData\Local\Packa
ges\MikTex\tex/latex/kvsetkeys\kvsetkeys.sty
Package: kvsetkeys 2022-10-05 v1.19 Key value parser (HO)
)
(D:\WpSystem\S-1-5-21-3980317125-2991037478-2579826307-1003\AppData\Local\Packa
ges\MikTex\tex/generic/kvdefinekeys\kvdefinekeys.sty
Package: kvdefinekeys 2019-12-19 v1.6 Define keys (HO)
)
(D:\WpSystem\S-1-5-21-3980317125-2991037478-2579826307-1003\AppData\Local\Packa
ges\MikTex\tex/generic/pdfescape\pdfescape.sty
Package: pdfescape 2019/12/09 v1.15 Implements pdfTeX's escape features (HO)

(D:\WpSystem\S-1-5-21-3980317125-2991037478-2579826307-1003\AppData\Local\Packa
ges\MikTex\tex/generic/ltxcmds\ltxcmds.sty
Package: ltxcmds 2023-12-04 v1.26 LaTeX kernel commands for general use (HO)
)
(D:\WpSystem\S-1-5-21-3980317125-2991037478-2579826307-1003\AppData\Local\Packa
ges\MikTex\tex/generic/pdftexcmds\pdftexcmds.sty
Package: pdftexcmds 2020-06-27 v0.33 Utility functions of pdfTeX for LuaTeX (HO
)

(D:\WpSystem\S-1-5-21-3980317125-2991037478-2579826307-1003\AppData\Local\Packa
ges\MikTex\tex/generic/infwarerr\infwarerr.sty
Package: infwarerr 2019/12/03 v1.5 Providing info/warning/error messages (HO)
)
Package pdftexcmds Info: \pdf@primitive is available.
Package pdftexcmds Info: \pdf@ifprimitive is available.
Package pdftexcmds Info: \pdfdraftmode found.
))
(D:\WpSystem\S-1-5-21-3980317125-2991037478-2579826307-1003\AppData\Local\Packa
ges\MikTex\tex/latex/hycolor\hycolor.sty
Package: hycolor 2020-01-27 v1.10 Color options for hyperref/bookmark (HO)
)
(D:\WpSystem\S-1-5-21-3980317125-2991037478-2579826307-1003\AppData\Local\Packa
ges\MikTex\tex/latex/hyperref\nameref.sty
Package: nameref 2025-06-21 v2.57 Cross-referencing by name of section

(D:\WpSystem\S-1-5-21-3980317125-2991037478-2579826307-1003\AppData\Local\Packa
ges\MikTex\tex/latex/refcount\refcount.sty
Package: refcount 2019/12/15 v3.6 Data extraction from label references (HO)
)
(D:\WpSystem\S-1-5-21-3980317125-2991037478-2579826307-1003\AppData\Local\Packa
ges\MikTex\tex/generic/gettitlestring\gettitlestring.sty
Package: gettitlestring 2019/12/15 v1.6 Cleanup title references (HO)

(D:\WpSystem\S-1-5-21-3980317125-2991037478-2579826307-1003\AppData\Local\Packa
ges\MikTex\tex/latex/kvoptions\kvoptions.sty
Package: kvoptions 2022-06-15 v3.15 Key value format for package options (HO)
))
\c@section@level=\count322
)
(D:\WpSystem\S-1-5-21-3980317125-2991037478-2579826307-1003\AppData\Local\Packa
ges\MikTex\tex/generic/stringenc\stringenc.sty
Package: stringenc 2019/11/29 v1.12 Convert strings between diff. encodings (HO
)
)
\@linkdim=\dimen275
\Hy@linkcounter=\count323
\Hy@pagecounter=\count324

(D:\WpSystem\S-1-5-21-3980317125-2991037478-2579826307-1003\AppData\Local\Packa
ges\MikTex\tex/latex/hyperref\pd1enc.def
File: pd1enc.def 2025-07-12 v7.01o Hyperref: PDFDocEncoding definition (HO)
Now handling font encoding PD1 ...
... no UTF-8 mapping file for font encoding PD1
)
(D:\WpSystem\S-1-5-21-3980317125-2991037478-2579826307-1003\AppData\Local\Packa
ges\MikTex\tex/generic/intcalc\intcalc.sty
Package: intcalc 2019/12/15 v1.3 Expandable calculations with integers (HO)
)
\Hy@SavedSpaceFactor=\count325

(D:\WpSystem\S-1-5-21-3980317125-2991037478-2579826307-1003\AppData\Local\Packa
ges\MikTex\tex/latex/hyperref\puenc.def
File: puenc.def 2025-07-12 v7.01o Hyperref: PDF Unicode definition (HO)
Now handling font encoding PU ...
... no UTF-8 mapping file for font encoding PU
)
Package hyperref Info: Option `bookmarks' set `true' on input line 4066.
Package hyperref Info: Option `bookmarksopen' set `true' on input line 4066.
Package hyperref Info: Option `implicit' set `false' on input line 4066.
Package hyperref Info: Hyper figures OFF on input line 4195.
Package hyperref Info: Link nesting OFF on input line 4200.
Package hyperref Info: Hyper index ON on input line 4203.
Package hyperref Info: Plain pages OFF on input line 4210.
Package hyperref Info: Backreferencing OFF on input line 4215.
Package hyperref Info: Implicit mode OFF; no redefinition of LaTeX internals.
Package hyperref Info: Bookmarks ON on input line 4462.
\c@Hy@tempcnt=\count326

(D:\WpSystem\S-1-5-21-3980317125-2991037478-2579826307-1003\AppData\Local\Packa
ges\MikTex\tex/latex/url\url.sty
\Urlmuskip=\muskip17
Package: url 2013/09/16  ver 3.4  Verb mode for urls, etc.
)
LaTeX Info: Redefining \url on input line 4801.
\XeTeXLinkMargin=\dimen276

(D:\WpSystem\S-1-5-21-3980317125-2991037478-2579826307-1003\AppData\Local\Packa
ges\MikTex\tex/generic/bitset\bitset.sty
Package: bitset 2019/12/09 v1.3 Handle bit-vector datatype (HO)

(D:\WpSystem\S-1-5-21-3980317125-2991037478-2579826307-1003\AppData\Local\Packa
ges\MikTex\tex/generic/bigintcalc\bigintcalc.sty
Package: bigintcalc 2019/12/15 v1.5 Expandable calculations on big integers (HO
)
))
\Fld@menulength=\count327
\Field@Width=\dimen277
\Fld@charsize=\dimen278
Package hyperref Info: Hyper figures OFF on input line 6078.
Package hyperref Info: Link nesting OFF on input line 6083.
Package hyperref Info: Hyper index ON on input line 6086.
Package hyperref Info: backreferencing OFF on input line 6093.
Package hyperref Info: Link coloring OFF on input line 6098.
Package hyperref Info: Link coloring with OCG OFF on input line 6103.
Package hyperref Info: PDF/A mode OFF on input line 6108.
\Hy@abspage=\count328


Package hyperref Message: Stopped early.

)
Package hyperref Info: Driver (autodetected): hpdftex.

(D:\WpSystem\S-1-5-21-3980317125-2991037478-2579826307-1003\AppData\Local\Packa
ges\MikTex\tex/latex/hyperref\hpdftex.def
File: hpdftex.def 2025-07-12 v7.01o Hyperref driver for pdfTeX
\Fld@listcount=\count329
\c@bookmark@seq@number=\count330

(D:\WpSystem\S-1-5-21-3980317125-2991037478-2579826307-1003\AppData\Local\Packa
ges\MikTex\tex/latex/rerunfilecheck\rerunfilecheck.sty
Package: rerunfilecheck 2025-06-21 v1.11 Rerun checks for auxiliary files (HO)

(D:\WpSystem\S-1-5-21-3980317125-2991037478-2579826307-1003\AppData\Local\Packa
ges\MikTex\tex/generic/uniquecounter\uniquecounter.sty
Package: uniquecounter 2019/12/15 v1.4 Provide unlimited unique counter (HO)
)
Package uniquecounter Info: New unique counter `rerunfilecheck' on input line 2
84.
))
(D:\WpSystem\S-1-5-21-3980317125-2991037478-2579826307-1003\AppData\Local\Packa
ges\MikTex\tex/latex/beamer\beamerbaserequires.sty
(D:\WpSystem\S-1-5-21-3980317125-2991037478-2579826307-1003\AppData\Local\Packa
ges\MikTex\tex/latex/beamer\beamerbasecompatibility.sty)
(D:\WpSystem\S-1-5-21-3980317125-2991037478-2579826307-1003\AppData\Local\Packa
ges\MikTex\tex/latex/beamer\beamerbasefont.sty
(D:\WpSystem\S-1-5-21-3980317125-2991037478-2579826307-1003\AppData\Local\Packa
ges\MikTex\tex/latex/amsfonts\amssymb.sty
Package: amssymb 2013/01/14 v3.01 AMS font symbols

(D:\WpSystem\S-1-5-21-3980317125-2991037478-2579826307-1003\AppData\Local\Packa
ges\MikTex\tex/latex/amsfonts\amsfonts.sty
Package: amsfonts 2013/01/14 v3.01 Basic AMSFonts support
\@emptytoks=\toks29
\symAMSa=\mathgroup4
\symAMSb=\mathgroup5
LaTeX Font Info:    Redeclaring math symbol \hbar on input line 98.
LaTeX Font Info:    Overwriting math alphabet `\mathfrak' in version `bold'
(Font)                  U/euf/m/n --> U/euf/b/n on input line 106.
))
(D:\WpSystem\S-1-5-21-3980317125-2991037478-2579826307-1003\AppData\Local\Packa
ges\MikTex\tex/latex/sansmathaccent\sansmathaccent.sty
Package: sansmathaccent 2020/01/31

(D:\WpSystem\S-1-5-21-3980317125-2991037478-2579826307-1003\AppData\Local\Packa
ges\MikTex\tex/latex/koma-script\scrlfile.sty
Package: scrlfile 2025/09/09 v3.48 KOMA-Script package (file load hooks)

(D:\WpSystem\S-1-5-21-3980317125-2991037478-2579826307-1003\AppData\Local\Packa
ges\MikTex\tex/latex/koma-script\scrlfile-hook.sty
Package: scrlfile-hook 2025/09/09 v3.48 KOMA-Script package (using LaTeX hooks)


(D:\WpSystem\S-1-5-21-3980317125-2991037478-2579826307-1003\AppData\Local\Packa
ges\MikTex\tex/latex/koma-script\scrlogo.sty
Package: scrlogo 2025/09/09 v3.48 KOMA-Script package (logo)
)))))
(D:\WpSystem\S-1-5-21-3980317125-2991037478-2579826307-1003\AppData\Local\Packa
ges\MikTex\tex/latex/beamer\beamerbasetranslator.sty
(D:\WpSystem\S-1-5-21-3980317125-2991037478-2579826307-1003\AppData\Local\Packa
ges\MikTex\tex/latex/translator\translator.sty
Package: translator 2021-05-31 v1.12d Easy translation of strings in LaTeX
))
(D:\WpSystem\S-1-5-21-3980317125-2991037478-2579826307-1003\AppData\Local\Packa
ges\MikTex\tex/latex/beamer\beamerbasemisc.sty)
(D:\WpSystem\S-1-5-21-3980317125-2991037478-2579826307-1003\AppData\Local\Packa
ges\MikTex\tex/latex/beamer\beamerbasetwoscreens.sty)
(D:\WpSystem\S-1-5-21-3980317125-2991037478-2579826307-1003\AppData\Local\Packa
ges\MikTex\tex/latex/beamer\beamerbaseoverlay.sty
\beamer@argscount=\count331
\beamer@lastskipcover=\skip52
\beamer@trivlistdepth=\count332
)
(D:\WpSystem\S-1-5-21-3980317125-2991037478-2579826307-1003\AppData\Local\Packa
ges\MikTex\tex/latex/beamer\beamerbasetitle.sty)
(D:\WpSystem\S-1-5-21-3980317125-2991037478-2579826307-1003\AppData\Local\Packa
ges\MikTex\tex/latex/beamer\beamerbasesection.sty
\c@lecture=\count333
\c@part=\count334
\c@section=\count335
\c@subsection=\count336
\c@subsubsection=\count337
)
(D:\WpSystem\S-1-5-21-3980317125-2991037478-2579826307-1003\AppData\Local\Packa
ges\MikTex\tex/latex/beamer\beamerbaseframe.sty
\beamer@framebox=\box68
\beamer@frametitlebox=\box69
\beamer@zoombox=\box70
\beamer@zoomcount=\count338
\beamer@zoomframecount=\count339
\beamer@frametextheight=\dimen279
\c@subsectionslide=\count340
\beamer@frametopskip=\skip53
\beamer@framebottomskip=\skip54
\beamer@frametopskipautobreak=\skip55
\beamer@framebottomskipautobreak=\skip56
\beamer@envbody=\toks30
\framewidth=\dimen280
\c@framenumber=\count341
)
(D:\WpSystem\S-1-5-21-3980317125-2991037478-2579826307-1003\AppData\Local\Packa
ges\MikTex\tex/latex/beamer\beamerbaseverbatim.sty
\beamer@verbatimfileout=\write4
)
(D:\WpSystem\S-1-5-21-3980317125-2991037478-2579826307-1003\AppData\Local\Packa
ges\MikTex\tex/latex/beamer\beamerbaseframesize.sty
\beamer@splitbox=\box71
\beamer@autobreakcount=\count342
\beamer@autobreaklastheight=\dimen281
\beamer@frametitletoks=\toks31
\beamer@framesubtitletoks=\toks32
)
(D:\WpSystem\S-1-5-21-3980317125-2991037478-2579826307-1003\AppData\Local\Packa
ges\MikTex\tex/latex/beamer\beamerbaseframecomponents.sty
\beamer@colheight=\skip57
\beamer@footins=\box72
)
(D:\WpSystem\S-1-5-21-3980317125-2991037478-2579826307-1003\AppData\Local\Packa
ges\MikTex\tex/latex/beamer\beamerbasecolor.sty)
(D:\WpSystem\S-1-5-21-3980317125-2991037478-2579826307-1003\AppData\Local\Packa
ges\MikTex\tex/latex/beamer\beamerbasenotes.sty
\beamer@frameboxcopy=\box73
)
(D:\WpSystem\S-1-5-21-3980317125-2991037478-2579826307-1003\AppData\Local\Packa
ges\MikTex\tex/latex/beamer\beamerbasetoc.sty)
(D:\WpSystem\S-1-5-21-3980317125-2991037478-2579826307-1003\AppData\Local\Packa
ges\MikTex\tex/latex/beamer\beamerbasetemplates.sty
\beamer@sbttoks=\toks33

(D:\WpSystem\S-1-5-21-3980317125-2991037478-2579826307-1003\AppData\Local\Packa
ges\MikTex\tex/latex/beamer\beamerbaseauxtemplates.sty
(D:\WpSystem\S-1-5-21-3980317125-2991037478-2579826307-1003\AppData\Local\Packa
ges\MikTex\tex/latex/beamer\beamerbaseboxes.sty
\bmb@box=\box74
\bmb@colorbox=\box75
\bmb@boxwidth=\dimen282
\bmb@boxheight=\dimen283
\bmb@prevheight=\dimen284
\bmb@temp=\dimen285
\bmb@dima=\dimen286
\bmb@dimb=\dimen287
\bmb@prevheight=\dimen288
)
\beamer@blockheadheight=\dimen289
))
(D:\WpSystem\S-1-5-21-3980317125-2991037478-2579826307-1003\AppData\Local\Packa
ges\MikTex\tex/latex/beamer\beamerbaselocalstructure.sty
(D:\WpSystem\S-1-5-21-3980317125-2991037478-2579826307-1003\AppData\Local\Packa
ges\MikTex\tex/latex/tools\enumerate.sty
Package: enumerate 2023/07/04 v3.00 enumerate extensions (DPC)
\@enLab=\toks34
)
\beamer@bibiconwidth=\skip58
\c@figure=\count343
\c@table=\count344
\abovecaptionskip=\skip59
\belowcaptionskip=\skip60
)
(D:\WpSystem\S-1-5-21-3980317125-2991037478-2579826307-1003\AppData\Local\Packa
ges\MikTex\tex/latex/beamer\beamerbasenavigation.sty
(D:\WpSystem\S-1-5-21-3980317125-2991037478-2579826307-1003\AppData\Local\Packa
ges\MikTex\tex/latex/beamer\beamerbasenavigationsymbols.tex)
\beamer@section@min@dim=\dimen290
)
(D:\WpSystem\S-1-5-21-3980317125-2991037478-2579826307-1003\AppData\Local\Packa
ges\MikTex\tex/latex/beamer\beamerbasetheorems.sty
(D:\WpSystem\S-1-5-21-3980317125-2991037478-2579826307-1003\AppData\Local\Packa
ges\MikTex\tex/latex/amsmath\amsmath.sty
Package: amsmath 2025/06/16 v2.17y AMS math features
\@mathmargin=\skip61

For additional information on amsmath, use the `?' option.

(D:\WpSystem\S-1-5-21-3980317125-2991037478-2579826307-1003\AppData\Local\Packa
ges\MikTex\tex/latex/amsmath\amstext.sty
Package: amstext 2024/11/17 v2.01 AMS text

(D:\WpSystem\S-1-5-21-3980317125-2991037478-2579826307-1003\AppData\Local\Packa
ges\MikTex\tex/latex/amsmath\amsgen.sty
File: amsgen.sty 1999/11/30 v2.0 generic functions
\@emptytoks=\toks35
\ex@=\dimen291
))
(D:\WpSystem\S-1-5-21-3980317125-2991037478-2579826307-1003\AppData\Local\Packa
ges\MikTex\tex/latex/amsmath\amsbsy.sty
Package: amsbsy 1999/11/29 v1.2d Bold Symbols
\pmbraise@=\dimen292
)
(D:\WpSystem\S-1-5-21-3980317125-2991037478-2579826307-1003\AppData\Local\Packa
ges\MikTex\tex/latex/amsmath\amsopn.sty
Package: amsopn 2022/04/08 v2.04 operator names
)
\inf@bad=\count345
LaTeX Info: Redefining \frac on input line 233.
\uproot@=\count346
\leftroot@=\count347
LaTeX Info: Redefining \overline on input line 398.
LaTeX Info: Redefining \colon on input line 409.
\classnum@=\count348
\DOTSCASE@=\count349
LaTeX Info: Redefining \ldots on input line 495.
LaTeX Info: Redefining \dots on input line 498.
LaTeX Info: Redefining \cdots on input line 619.
\Mathstrutbox@=\box76
\strutbox@=\box77
LaTeX Info: Redefining \big on input line 721.
LaTeX Info: Redefining \Big on input line 722.
LaTeX Info: Redefining \bigg on input line 723.
LaTeX Info: Redefining \Bigg on input line 724.
\big@size=\dimen293
LaTeX Font Info:    Redeclaring font encoding OML on input line 742.
LaTeX Font Info:    Redeclaring font encoding OMS on input line 743.
\macc@depth=\count350
LaTeX Info: Redefining \bmod on input line 904.
LaTeX Info: Redefining \pmod on input line 909.
LaTeX Info: Redefining \smash on input line 939.
LaTeX Info: Redefining \relbar on input line 969.
LaTeX Info: Redefining \Relbar on input line 970.
\c@MaxMatrixCols=\count351
\dotsspace@=\muskip18
\c@parentequation=\count352
\dspbrk@lvl=\count353
\tag@help=\toks36
\row@=\count354
\column@=\count355
\maxfields@=\count356
\andhelp@=\toks37
\eqnshift@=\dimen294
\alignsep@=\dimen295
\tagshift@=\dimen296
\tagwidth@=\dimen297
\totwidth@=\dimen298
\lineht@=\dimen299
\@envbody=\toks38
\multlinegap=\skip62
\multlinetaggap=\skip63
\mathdisplay@stack=\toks39
LaTeX Info: Redefining \[ on input line 2949.
LaTeX Info: Redefining \] on input line 2950.
)
(D:\WpSystem\S-1-5-21-3980317125-2991037478-2579826307-1003\AppData\Local\Packa
ges\MikTex\tex/latex/amscls\amsthm.sty
Package: amsthm 2020/05/29 v2.20.6
\thm@style=\toks40
\thm@bodyfont=\toks41
\thm@headfont=\toks42
\thm@notefont=\toks43
\thm@headpunct=\toks44
\thm@preskip=\skip64
\thm@postskip=\skip65
\thm@headsep=\skip66
\dth@everypar=\toks45
)
\c@theorem=\count357
)
(D:\WpSystem\S-1-5-21-3980317125-2991037478-2579826307-1003\AppData\Local\Packa
ges\MikTex\tex/latex/beamer\beamerbasethemes.sty))
(D:\WpSystem\S-1-5-21-3980317125-2991037478-2579826307-1003\AppData\Local\Packa
ges\MikTex\tex/latex/beamer\beamerthemedefault.sty
(D:\WpSystem\S-1-5-21-3980317125-2991037478-2579826307-1003\AppData\Local\Packa
ges\MikTex\tex/latex/beamer\beamerfontthemedefault.sty)
(D:\WpSystem\S-1-5-21-3980317125-2991037478-2579826307-1003\AppData\Local\Packa
ges\MikTex\tex/latex/beamer\beamercolorthemedefault.sty)
(D:\WpSystem\S-1-5-21-3980317125-2991037478-2579826307-1003\AppData\Local\Packa
ges\MikTex\tex/latex/beamer\beamerinnerthemedefault.sty
\beamer@dima=\dimen300
\beamer@dimb=\dimen301
)
(D:\WpSystem\S-1-5-21-3980317125-2991037478-2579826307-1003\AppData\Local\Packa
ges\MikTex\tex/latex/beamer\beamerouterthemedefault.sty)))
(D:\WpSystem\S-1-5-21-3980317125-2991037478-2579826307-1003\AppData\Local\Packa
ges\MikTex\tex/latex/beamer\beamerthemeMadrid.sty
(D:\WpSystem\S-1-5-21-3980317125-2991037478-2579826307-1003\AppData\Local\Packa
ges\MikTex\tex/latex/beamer\beamercolorthemewhale.sty)
(D:\WpSystem\S-1-5-21-3980317125-2991037478-2579826307-1003\AppData\Local\Packa
ges\MikTex\tex/latex/beamer\beamercolorthemeorchid.sty)
(D:\WpSystem\S-1-5-21-3980317125-2991037478-2579826307-1003\AppData\Local\Packa
ges\MikTex\tex/latex/beamer\beamerinnerthemerounded.sty)
(D:\WpSystem\S-1-5-21-3980317125-2991037478-2579826307-1003\AppData\Local\Packa
ges\MikTex\tex/latex/beamer\beamerouterthemeinfolines.sty))
(D:\WpSystem\S-1-5-21-3980317125-2991037478-2579826307-1003\AppData\Local\Packa
ges\MikTex\tex/latex/beamer\beamerfontthemeprofessionalfonts.sty)
(D:\WpSystem\S-1-5-21-3980317125-2991037478-2579826307-1003\AppData\Local\Packa
ges\MikTex\tex/latex/natbib\natbib.sty
Package: natbib 2010/09/13 8.31b (PWD, AO)
\bibhang=\skip67
\bibsep=\skip68
LaTeX Info: Redefining \cite on input line 694.
\c@NAT@ctr=\count358
)

Package hyperref Warning: Token not allowed in a PDF string (Unicode):
(hyperref)                removing `\\' on input line 42.


Package hyperref Warning: Token not allowed in a PDF string (Unicode):
(hyperref)                removing `\\' on input line 42.


(D:\WpSystem\S-1-5-21-3980317125-2991037478-2579826307-1003\AppData\Local\Packa
ges\MikTex\tex/latex/l3backend\l3backend-pdftex.def
File: l3backend-pdftex.def 2025-06-09 L3 backend support: PDF output (pdfTeX)
\l__color_backend_stack_int=\count359
) (Prasentation.aux)
\openout1 = `Prasentation.aux'.

LaTeX Font Info:    Checking defaults for OML/cmm/m/it on input line 66.
LaTeX Font Info:    ... okay on input line 66.
LaTeX Font Info:    Checking defaults for OMS/cmsy/m/n on input line 66.
LaTeX Font Info:    ... okay on input line 66.
LaTeX Font Info:    Checking defaults for OT1/cmr/m/n on input line 66.
LaTeX Font Info:    ... okay on input line 66.
LaTeX Font Info:    Checking defaults for T1/cmr/m/n on input line 66.
LaTeX Font Info:    ... okay on input line 66.
LaTeX Font Info:    Checking defaults for TS1/cmr/m/n on input line 66.
LaTeX Font Info:    ... okay on input line 66.
LaTeX Font Info:    Checking defaults for OMX/cmex/m/n on input line 66.
LaTeX Font Info:    ... okay on input line 66.
LaTeX Font Info:    Checking defaults for U/cmr/m/n on input line 66.
LaTeX Font Info:    ... okay on input line 66.
LaTeX Font Info:    Checking defaults for PD1/pdf/m/n on input line 66.
LaTeX Font Info:    ... okay on input line 66.
LaTeX Font Info:    Checking defaults for PU/pdf/m/n on input line 66.
LaTeX Font Info:    ... okay on input line 66.

*geometry* driver: auto-detecting
*geometry* detected driver: pdftex
*geometry* verbose mode - [ preamble ] result:
* driver: pdftex
* paper: custom
* layout: <same size as paper>
* layoutoffset:(h,v)=(0.0pt,0.0pt)
* modes: includehead includefoot 
* h-part:(L,W,R)=(10.00002pt, 344.19533pt, 10.00002pt)
* v-part:(T,H,B)=(0.0pt, 273.14662pt, 0.0pt)
* \paperwidth=364.19536pt
* \paperheight=273.14662pt
* \textwidth=344.19533pt
* \textheight=244.6939pt
* \oddsidemargin=-62.26997pt
* \evensidemargin=-62.26997pt
* \topmargin=-72.26999pt
* \headheight=14.22636pt
* \headsep=0.0pt
* \topskip=10.0pt
* \footskip=14.22636pt
* \marginparwidth=3.0pt
* \marginparsep=11.0pt
* \columnsep=10.0pt
* \skip\footins=9.0pt plus 4.0pt minus 2.0pt
* \hoffset=0.0pt
* \voffset=0.0pt
* \mag=1000
* \@twocolumnfalse
* \@twosidefalse
* \@mparswitchfalse
* \@reversemarginfalse
* (1in=72.27pt=25.4mm, 1cm=28.453pt)


(D:\WpSystem\S-1-5-21-3980317125-2991037478-2579826307-1003\AppData\Local\Packa
ges\MikTex\tex/context/base/mkii\supp-pdf.mkii
[Loading MPS to PDF converter (version 2006.09.02).]
\scratchcounter=\count360
\scratchdimen=\dimen302
\scratchbox=\box78
\nofMPsegments=\count361
\nofMParguments=\count362
\everyMPshowfont=\toks46
\MPscratchCnt=\count363
\MPscratchDim=\dimen303
\MPnumerator=\count364
\makeMPintoPDFobject=\count365
\everyMPtoPDFconversion=\toks47
)
(D:\WpSystem\S-1-5-21-3980317125-2991037478-2579826307-1003\AppData\Local\Packa
ges\MikTex\tex/latex/epstopdf-pkg\epstopdf-base.sty
Package: epstopdf-base 2020-01-24 v2.11 Base part for package epstopdf
Package epstopdf-base Info: Redefining graphics rule for `.eps' on input line 4
85.

(D:\WpSystem\S-1-5-21-3980317125-2991037478-2579826307-1003\AppData\Local\Packa
ges\MikTex\tex/latex/00miktex\epstopdf-sys.cfg
File: epstopdf-sys.cfg 2021/03/18 v2.0 Configuration of epstopdf for MiKTeX
))
Package hyperref Info: Link coloring OFF on input line 66.
 (Prasentation.out)
(Prasentation.out)
\@outlinefile=\write5
\openout5 = `Prasentation.out'.


(D:\WpSystem\S-1-5-21-3980317125-2991037478-2579826307-1003\AppData\Local\Packa
ges\MikTex\tex/latex/translator\translator-basic-dictionary-English.dict
Dictionary: translator-basic-dictionary, Language: English 
)
(D:\WpSystem\S-1-5-21-3980317125-2991037478-2579826307-1003\AppData\Local\Packa
ges\MikTex\tex/latex/translator\translator-bibliography-dictionary-English.dict
Dictionary: translator-bibliography-dictionary, Language: English 
)
(D:\WpSystem\S-1-5-21-3980317125-2991037478-2579826307-1003\AppData\Local\Packa
ges\MikTex\tex/latex/translator\translator-environment-dictionary-English.dict
Dictionary: translator-environment-dictionary, Language: English 
)
(D:\WpSystem\S-1-5-21-3980317125-2991037478-2579826307-1003\AppData\Local\Packa
ges\MikTex\tex/latex/translator\translator-months-dictionary-English.dict
Dictionary: translator-months-dictionary, Language: English 
)
(D:\WpSystem\S-1-5-21-3980317125-2991037478-2579826307-1003\AppData\Local\Packa
ges\MikTex\tex/latex/translator\translator-numbers-dictionary-English.dict
Dictionary: translator-numbers-dictionary, Language: English 
)
(D:\WpSystem\S-1-5-21-3980317125-2991037478-2579826307-1003\AppData\Local\Packa
ges\MikTex\tex/latex/translator\translator-theorem-dictionary-English.dict
Dictionary: translator-theorem-dictionary, Language: English 
)
(Prasentation.nav)

! LaTeX Error: File `1gR_eRFZ_400x400' not found.

See the LaTeX manual or LaTeX Companion for explanation.
Type  H <return>  for immediate help.
 ...                                              
                                                  
l.68 	\frame{\titlepage}
                        
I could not locate the file with any of these extensions:
.pdf,.png,.jpg,.mps,.jpeg,.jbig2,.jb2,.PDF,.PNG,.JPG,.JPEG,.JBIG2,.JB2,.eps
Try typing  <return>  to proceed.
If that doesn't work, type  X <return>  to quit.



[1

{C:/Users/inavarS/AppData/Local/MiKTeX/fonts/map/pdftex/pdftex.map}]
(Prasentation.toc)

[2

]

[3

]

[4

]

[5

]

[6

]

[7

]

[8

]
! Undefined control sequence.
\beamer@doifinframe ...ection System} \justifying 
                                                  The base paper presents an...
l.168 \end{frame}
                 
The control sequence at the end of the top line
of your error message was never \def'ed. If you have
misspelled it (e.g., `\hobx'), type `I' and the correct
spelling (e.g., `I\hbox'). Otherwise just continue,
and I'll forget about whatever was undefined.



[9

]
! Undefined control sequence.
\beamer@doifinframe ...of Base Paper} \justifying 
                                                  The base paper made signif...
l.188 \end{frame}
                 
The control sequence at the end of the top line
of your error message was never \def'ed. If you have
misspelled it (e.g., `\hobx'), type `I' and the correct
spelling (e.g., `I\hbox'). Otherwise just continue,
and I'll forget about whatever was undefined.



[10

]
! Undefined control sequence.
\beamer@doifinframe ...stem Overview} \justifying 
                                                  The base paper focuses on ...
l.203 \end{frame}
                 
The control sequence at the end of the top line
of your error message was never \def'ed. If you have
misspelled it (e.g., `\hobx'), type `I' and the correct
spelling (e.g., `I\hbox'). Otherwise just continue,
and I'll forget about whatever was undefined.



[11

]
! Undefined control sequence.
\beamer@doifinframe ...ng Approaches} \justifying 
                                                  Two distinct machine learn...
l.225 \end{frame}
                 
The control sequence at the end of the top line
of your error message was never \def'ed. If you have
misspelled it (e.g., `\hobx'), type `I' and the correct
spelling (e.g., `I\hbox'). Otherwise just continue,
and I'll forget about whatever was undefined.



[12

]
! Undefined control sequence.
\beamer@doifinframe ...ance Overview} \justifying 
                                                  The training and validatio...
l.250 \end{frame}
                 
The control sequence at the end of the top line
of your error message was never \def'ed. If you have
misspelled it (e.g., `\hobx'), type `I' and the correct
spelling (e.g., `I\hbox'). Otherwise just continue,
and I'll forget about whatever was undefined.

<Yamnet_Accuracy.png, id=448, 570.2103pt x 354.123pt>
File: Yamnet_Accuracy.png Graphic file (type png)
<use Yamnet_Accuracy.png>
Package pdftex.def Info: Yamnet_Accuracy.png  used on input line 250.
(pdftex.def)             Requested size: 165.21228pt x 102.60117pt.
LaTeX Font Info:    Trying to load font information for U+msa on input line 250
.

(D:\WpSystem\S-1-5-21-3980317125-2991037478-2579826307-1003\AppData\Local\Packa
ges\MikTex\tex/latex/amsfonts\umsa.fd
File: umsa.fd 2013/01/14 v3.01 AMS symbols A
)
LaTeX Font Info:    Trying to load font information for U+msb on input line 250
.

(D:\WpSystem\S-1-5-21-3980317125-2991037478-2579826307-1003\AppData\Local\Packa
ges\MikTex\tex/latex/amsfonts\umsb.fd
File: umsb.fd 2013/01/14 v3.01 AMS symbols B
)
<accuracy_curve_MFCC.png, id=450, 867.24pt x 361.35pt>
File: accuracy_curve_MFCC.png Graphic file (type png)
<use accuracy_curve_MFCC.png>
Package pdftex.def Info: accuracy_curve_MFCC.png  used on input line 250.
(pdftex.def)             Requested size: 165.21228pt x 68.83365pt.


[13

 <./Yamnet_Accuracy.png> <./accuracy_curve_MFCC.png>]

[14

]
! Undefined control sequence.
<recently read> \justifying 
                            
l.282 \end{frame}
                 
The control sequence at the end of the top line
of your error message was never \def'ed. If you have
misspelled it (e.g., `\hobx'), type `I' and the correct
spelling (e.g., `I\hbox'). Otherwise just continue,
and I'll forget about whatever was undefined.

<architecture_model.png, id=518, 426.84468pt x 459.21562pt>
File: architecture_model.png Graphic file (type png)
<use architecture_model.png>
Package pdftex.def Info: architecture_model.png  used on input line 282.
(pdftex.def)             Requested size: 121.65851pt x 130.88481pt.


[15

 <./architecture_model.png>]
! Undefined control sequence.
<recently read> \justifying 
                            
l.322 \end{frame}
                 
The control sequence at the end of the top line
of your error message was never \def'ed. If you have
misspelled it (e.g., `\hobx'), type `I' and the correct
spelling (e.g., `I\hbox'). Otherwise just continue,
and I'll forget about whatever was undefined.



[16

]

! LaTeX Error: Unicode character ≈ (U+2248)
               not set up for use with LaTeX.

See the LaTeX manual or LaTeX Companion for explanation.
Type  H <return>  for immediate help.
 ...                                              
                                                  
l.368 \end{frame}
                 
You may provide a definition with
\DeclareUnicodeCharacter 

<Pre_processing_Adv.png, id=577, 474.27188pt x 661.72218pt>
File: Pre_processing_Adv.png Graphic file (type png)
<use Pre_processing_Adv.png>
Package pdftex.def Info: Pre_processing_Adv.png  used on input line 368.
(pdftex.def)             Requested size: 81.56593pt x 113.8039pt.


[17

 <./Pre_processing_Adv.png>]
! Undefined control sequence.
<recently read> \justifying 
                            
l.405 \end{frame}
                 
The control sequence at the end of the top line
of your error message was never \def'ed. If you have
misspelled it (e.g., `\hobx'), type `I' and the correct
spelling (e.g., `I\hbox'). Otherwise just continue,
and I'll forget about whatever was undefined.

! Misplaced alignment tab character &.
\beamer@doifinframe ...edding-only → fewer ops &
                                                   memory. \item Deployable ...
l.405 \end{frame}
                 
I can't figure out why you would want to use a tab mark
here. If you just want an ampersand, the remedy is
simple: Just type `I\&' now. But if some right brace
up above has ended a previous alignment prematurely,
you're probably due for more error messages, and you
might try typing `S' now just to see what is salvageable.


Underfull \hbox (badness 10000) detected at line 405
[][][][][][][][][]
 []



[18

]

[19

]
! Too many }'s.
l.409 	\section{Result}}
                        
You've closed more groups than you opened.
Such booboos are generally harmless, so keep going.

! Undefined control sequence.
<recently read> \justifying 
                            
l.432 \end{frame}
                 
The control sequence at the end of the top line
of your error message was never \def'ed. If you have
misspelled it (e.g., `\hobx'), type `I' and the correct
spelling (e.g., `I\hbox'). Otherwise just continue,
and I'll forget about whatever was undefined.



[20

]
! Undefined control sequence.
<recently read> \justifying 
                            
l.468 \end{frame}
                 
The control sequence at the end of the top line
of your error message was never \def'ed. If you have
misspelled it (e.g., `\hobx'), type `I' and the correct
spelling (e.g., `I\hbox'). Otherwise just continue,
and I'll forget about whatever was undefined.

<acc vs loss_adv.png, id=698, 570.933pt x 354.123pt>
File: acc vs loss_adv.png Graphic file (type png)
<use acc vs loss_adv.png>
Package pdftex.def Info: acc vs loss_adv.png  used on input line 468.
(pdftex.def)             Requested size: 146.79256pt x 91.04854pt.
<confusion_matrix.png, id=699, 443.40656pt x 342.5297pt>
File: confusion_matrix.png Graphic file (type png)
<use confusion_matrix.png>
Package pdftex.def Info: confusion_matrix.png  used on input line 468.
(pdftex.def)             Requested size: 117.86076pt x 91.04694pt.


[21

 <./acc vs loss_adv.png> <./confusion_matrix.png>]

[22

]
! Undefined control sequence.
<recently read> \justifying 
                            
l.498 \end{frame}
                 
The control sequence at the end of the top line
of your error message was never \def'ed. If you have
misspelled it (e.g., `\hobx'), type `I' and the correct
spelling (e.g., `I\hbox'). Otherwise just continue,
and I'll forget about whatever was undefined.

<Raspberry Pi Workflow.png, id=766, 770.88pt x 164.86594pt>
File: Raspberry Pi Workflow.png Graphic file (type png)
<use Raspberry Pi Workflow.png>
Package pdftex.def Info: Raspberry Pi Workflow.png  used on input line 498.
(pdftex.def)             Requested size: 292.56104pt x 62.56918pt.

Overfull \vbox (5.3323pt too high) detected at line 498
 []



[23

 <./Raspberry Pi Workflow.png>]
! Undefined control sequence.
<recently read> \justifying 
                            
l.523 \end{frame}
                 
The control sequence at the end of the top line
of your error message was never \def'ed. If you have
misspelled it (e.g., `\hobx'), type `I' and the correct
spelling (e.g., `I\hbox'). Otherwise just continue,
and I'll forget about whatever was undefined.



[24

]

[25

]
! Too many }'s.
l.527 	\section{Comparison With Base Paper}}
                                            
You've closed more groups than you opened.
Such booboos are generally harmless, so keep going.

! Undefined control sequence.
<recently read> \justifying 
                            
l.563 \end{frame}
                 
The control sequence at the end of the top line
of your error message was never \def'ed. If you have
misspelled it (e.g., `\hobx'), type `I' and the correct
spelling (e.g., `I\hbox'). Otherwise just continue,
and I'll forget about whatever was undefined.

! Misplaced alignment tab character &.
\beamer@doifinframe ...devices; faster inference &
                                                   low memory \end {itemize}...
l.563 \end{frame}
                 
I can't figure out why you would want to use a tab mark
here. If you just want an ampersand, the remedy is
simple: Just type `I\&' now. But if some right brace
up above has ended a previous alignment prematurely,
you're probably due for more error messages, and you
might try typing `S' now just to see what is salvageable.



[26

]
! Undefined control sequence.
<recently read> \justifying 
                            
l.608 \end{frame}
                 
The control sequence at the end of the top line
of your error message was never \def'ed. If you have
misspelled it (e.g., `\hobx'), type `I' and the correct
spelling (e.g., `I\hbox'). Otherwise just continue,
and I'll forget about whatever was undefined.


! LaTeX Error: Unicode character ✅ (U+2705)
               not set up for use with LaTeX.

See the LaTeX manual or LaTeX Companion for explanation.
Type  H <return>  for immediate help.
 ...                                              
                                                  
l.608 \end{frame}
                 
You may provide a definition with
\DeclareUnicodeCharacter 


! LaTeX Error: Unicode character ⚡ (U+26A1)
               not set up for use with LaTeX.

See the LaTeX manual or LaTeX Companion for explanation.
Type  H <return>  for immediate help.
 ...                                              
                                                  
l.608 \end{frame}
                 
You may provide a definition with
\DeclareUnicodeCharacter 


! LaTeX Error: Unicode character 🎧 (U+1F3A7)
               not set up for use with LaTeX.

See the LaTeX manual or LaTeX Companion for explanation.
Type  H <return>  for immediate help.
 ...                                              
                                                  
l.608 \end{frame}
                 
You may provide a definition with
\DeclareUnicodeCharacter 



[27

]
! Undefined control sequence.
<recently read> \justifying 
                            
l.627 \end{frame}
                 
The control sequence at the end of the top line
of your error message was never \def'ed. If you have
misspelled it (e.g., `\hobx'), type `I' and the correct
spelling (e.g., `I\hbox'). Otherwise just continue,
and I'll forget about whatever was undefined.



[28

]
! Undefined control sequence.
<recently read> \justifying 
                            
l.646 \end{frame}
                 
The control sequence at the end of the top line
of your error message was never \def'ed. If you have
misspelled it (e.g., `\hobx'), type `I' and the correct
spelling (e.g., `I\hbox'). Otherwise just continue,
and I'll forget about whatever was undefined.



[29

]

[30

]
\tf@nav=\write6
\openout6 = `Prasentation.nav'.

\tf@toc=\write7
\openout7 = `Prasentation.toc'.

\tf@snm=\write8
\openout8 = `Prasentation.snm'.

 (Prasentation.aux)
 ***********
LaTeX2e <2025-06-01> patch level 1
L3 programming layer <2025-09-02>
 ***********
Package rerunfilecheck Info: File `Prasentation.out' has not changed.
(rerunfilecheck)             Checksum: C018DBCD334018E9735F00605D6DC703;1055.
 ) 
Here is how much of TeX's memory you used:
 22414 strings out of 468080
 453299 string characters out of 5404596
 813139 words of memory out of 5000000
 50554 multiletter control sequences out of 15000+600000
 637219 words of font info for 75 fonts, out of 8000000 for 9000
 1141 hyphenation exceptions out of 8191
 128i,15n,123p,410b,767s stack positions out of 10000i,1000n,20000p,200000b,200000s
 <C:\Users\inavarS\AppData\Local\MiKTeX\fonts/pk/ljfour/jknappen/ec/dpi600\tc
ss0900.pk> <C:\Users\inavarS\AppData\Local\MiKTeX\fonts/pk/ljfour/jknappen/ec/d
pi600\tcss0700.pk> <C:\Users\inavarS\AppData\Local\MiKTeX\fonts/pk/ljfour/jknap
pen/ec/dpi600\tcss1000.pk><D:/WpSystem/S-1-5-21-3980317125-2991037478-257982630
7-1003/AppData/Local/Packages/MikTex/fonts/type1/public/amsfonts/cm/cmss10.pfb>
<D:/WpSystem/S-1-5-21-3980317125-2991037478-2579826307-1003/AppData/Local/Packa
ges/MikTex/fonts/type1/public/amsfonts/cm/cmss12.pfb><D:/WpSystem/S-1-5-21-3980
317125-2991037478-2579826307-1003/AppData/Local/Packages/MikTex/fonts/type1/pub
lic/amsfonts/cm/cmss17.pfb><D:/WpSystem/S-1-5-21-3980317125-2991037478-25798263
07-1003/AppData/Local/Packages/MikTex/fonts/type1/public/amsfonts/cm/cmss8.pfb>
<D:/WpSystem/S-1-5-21-3980317125-2991037478-2579826307-1003/AppData/Local/Packa
ges/MikTex/fonts/type1/public/amsfonts/cm/cmss9.pfb><D:/WpSystem/S-1-5-21-39803
17125-2991037478-2579826307-1003/AppData/Local/Packages/MikTex/fonts/type1/publ
ic/amsfonts/cm/cmssbx10.pfb><D:/WpSystem/S-1-5-21-3980317125-2991037478-2579826
307-1003/AppData/Local/Packages/MikTex/fonts/type1/public/amsfonts/cm/cmssi10.p
fb><D:/WpSystem/S-1-5-21-3980317125-2991037478-2579826307-1003/AppData/Local/Pa
ckages/MikTex/fonts/type1/public/amsfonts/cm/cmsy9.pfb>
Output written on Prasentation.pdf (30 pages, 1572740 bytes).
PDF statistics:
 1056 PDF objects out of 1200 (max. 8388607)
 70 named destinations out of 1000 (max. 500000)
 426 words of extra memory for PDF output out of 10000 (max. 10000000)

