This is pdfTeX, Version 3.141592653-2.6-1.40.27 (MiKTeX 25.4) (preloaded format=pdflatex 2025.10.21)  18 DEC 2025 18:22
entering extended mode
 restricted \write18 enabled.
 %&-line parsing enabled.
**./iee_report.tex
(iee_report.tex
LaTeX2e <2025-06-01> patch level 1
L3 programming layer <2025-09-02>

(D:\WpSystem\S-1-5-21-3980317125-2991037478-2579826307-1003\AppData\Local\Packa
ges\MikTex\tex/latex/ieeetran\IEEEtran.cls
Document Class: IEEEtran 2015/08/26 V1.8b by Michael Shell
-- See the "IEEEtran_HOWTO" manual for usage information.
-- http://www.michaelshell.org/tex/ieeetran/
\@IEEEtrantmpdimenA=\dimen148
\@IEEEtrantmpdimenB=\dimen149
\@IEEEtrantmpdimenC=\dimen150
\@IEEEtrantmpcountA=\count275
\@IEEEtrantmpcountB=\count276
\@IEEEtrantmpcountC=\count277
\@IEEEtrantmptoksA=\toks17
LaTeX Font Info:    Trying to load font information for OT1+ptm on input line 5
03.

(D:\WpSystem\S-1-5-21-3980317125-2991037478-2579826307-1003\AppData\Local\Packa
ges\MikTex\tex/latex/psnfss\ot1ptm.fd
File: ot1ptm.fd 2001/06/04 font definitions for OT1/ptm.
)
-- Using 8.5in x 11in (letter) paper.
-- Using PDF output.
\@IEEEnormalsizeunitybaselineskip=\dimen151
-- This is a 10 point document.
LaTeX Encoding Info:    Redeclaring text command \textunderscore (encoding ?) o
n input line 937.
\CLASSINFOnormalsizebaselineskip=\dimen152
\CLASSINFOnormalsizeunitybaselineskip=\dimen153
\IEEEnormaljot=\dimen154
LaTeX Font Info:    Font shape `OT1/ptm/bx/n' in size <5> not available
(Font)              Font shape `OT1/ptm/b/n' tried instead on input line 1090.
LaTeX Font Info:    Font shape `OT1/ptm/bx/it' in size <5> not available
(Font)              Font shape `OT1/ptm/b/it' tried instead on input line 1090.

LaTeX Font Info:    Font shape `OT1/ptm/bx/n' in size <7> not available
(Font)              Font shape `OT1/ptm/b/n' tried instead on input line 1090.
LaTeX Font Info:    Font shape `OT1/ptm/bx/it' in size <7> not available
(Font)              Font shape `OT1/ptm/b/it' tried instead on input line 1090.

LaTeX Font Info:    Font shape `OT1/ptm/bx/n' in size <8> not available
(Font)              Font shape `OT1/ptm/b/n' tried instead on input line 1090.
LaTeX Font Info:    Font shape `OT1/ptm/bx/it' in size <8> not available
(Font)              Font shape `OT1/ptm/b/it' tried instead on input line 1090.

LaTeX Font Info:    Font shape `OT1/ptm/bx/n' in size <9> not available
(Font)              Font shape `OT1/ptm/b/n' tried instead on input line 1090.
LaTeX Font Info:    Font shape `OT1/ptm/bx/it' in size <9> not available
(Font)              Font shape `OT1/ptm/b/it' tried instead on input line 1090.

LaTeX Font Info:    Font shape `OT1/ptm/bx/n' in size <10> not available
(Font)              Font shape `OT1/ptm/b/n' tried instead on input line 1090.
LaTeX Font Info:    Font shape `OT1/ptm/bx/it' in size <10> not available
(Font)              Font shape `OT1/ptm/b/it' tried instead on input line 1090.

LaTeX Font Info:    Font shape `OT1/ptm/bx/n' in size <11> not available
(Font)              Font shape `OT1/ptm/b/n' tried instead on input line 1090.
LaTeX Font Info:    Font shape `OT1/ptm/bx/it' in size <11> not available
(Font)              Font shape `OT1/ptm/b/it' tried instead on input line 1090.

LaTeX Font Info:    Font shape `OT1/ptm/bx/n' in size <12> not available
(Font)              Font shape `OT1/ptm/b/n' tried instead on input line 1090.
LaTeX Font Info:    Font shape `OT1/ptm/bx/it' in size <12> not available
(Font)              Font shape `OT1/ptm/b/it' tried instead on input line 1090.

LaTeX Font Info:    Font shape `OT1/ptm/bx/n' in size <17> not available
(Font)              Font shape `OT1/ptm/b/n' tried instead on input line 1090.
LaTeX Font Info:    Font shape `OT1/ptm/bx/it' in size <17> not available
(Font)              Font shape `OT1/ptm/b/it' tried instead on input line 1090.

LaTeX Font Info:    Font shape `OT1/ptm/bx/n' in size <20> not available
(Font)              Font shape `OT1/ptm/b/n' tried instead on input line 1090.
LaTeX Font Info:    Font shape `OT1/ptm/bx/it' in size <20> not available
(Font)              Font shape `OT1/ptm/b/it' tried instead on input line 1090.

LaTeX Font Info:    Font shape `OT1/ptm/bx/n' in size <24> not available
(Font)              Font shape `OT1/ptm/b/n' tried instead on input line 1090.
LaTeX Font Info:    Font shape `OT1/ptm/bx/it' in size <24> not available
(Font)              Font shape `OT1/ptm/b/it' tried instead on input line 1090.

\IEEEquantizedlength=\dimen155
\IEEEquantizedlengthdiff=\dimen156
\IEEEquantizedtextheightdiff=\dimen157
\IEEEilabelindentA=\dimen158
\IEEEilabelindentB=\dimen159
\IEEEilabelindent=\dimen160
\IEEEelabelindent=\dimen161
\IEEEdlabelindent=\dimen162
\IEEElabelindent=\dimen163
\IEEEiednormlabelsep=\dimen164
\IEEEiedmathlabelsep=\dimen165
\IEEEiedtopsep=\skip49
\c@section=\count278
\c@subsection=\count279
\c@subsubsection=\count280
\c@paragraph=\count281
\c@IEEEsubequation=\count282
\abovecaptionskip=\skip50
\belowcaptionskip=\skip51
\c@figure=\count283
\c@table=\count284
\@IEEEeqnnumcols=\count285
\@IEEEeqncolcnt=\count286
\@IEEEsubeqnnumrollback=\count287
\@IEEEquantizeheightA=\dimen166
\@IEEEquantizeheightB=\dimen167
\@IEEEquantizeheightC=\dimen168
\@IEEEquantizeprevdepth=\dimen169
\@IEEEquantizemultiple=\count288
\@IEEEquantizeboxA=\box53
\@IEEEtmpitemindent=\dimen170
\IEEEPARstartletwidth=\dimen171
\c@IEEEbiography=\count289
\@IEEEtranrubishbin=\box54
)
(D:\WpSystem\S-1-5-21-3980317125-2991037478-2579826307-1003\AppData\Local\Packa
ges\MikTex\tex/latex/graphics\graphicx.sty
Package: graphicx 2024/12/31 v1.2e Enhanced LaTeX Graphics (DPC,SPQR)

(D:\WpSystem\S-1-5-21-3980317125-2991037478-2579826307-1003\AppData\Local\Packa
ges\MikTex\tex/latex/graphics\keyval.sty
Package: keyval 2022/05/29 v1.15 key=value parser (DPC)
\KV@toks@=\toks18
)
(D:\WpSystem\S-1-5-21-3980317125-2991037478-2579826307-1003\AppData\Local\Packa
ges\MikTex\tex/latex/graphics\graphics.sty
Package: graphics 2024/08/06 v1.4g Standard LaTeX Graphics (DPC,SPQR)

(D:\WpSystem\S-1-5-21-3980317125-2991037478-2579826307-1003\AppData\Local\Packa
ges\MikTex\tex/latex/graphics\trig.sty
Package: trig 2023/12/02 v1.11 sin cos tan (DPC)
)
(D:\WpSystem\S-1-5-21-3980317125-2991037478-2579826307-1003\AppData\Local\Packa
ges\MikTex\tex/latex/graphics-cfg\graphics.cfg
File: graphics.cfg 2016/06/04 v1.11 sample graphics configuration
)
Package graphics Info: Driver file: pdftex.def on input line 106.

(D:\WpSystem\S-1-5-21-3980317125-2991037478-2579826307-1003\AppData\Local\Packa
ges\MikTex\tex/latex/graphics-def\pdftex.def
File: pdftex.def 2025/09/29 v1.2d Graphics/color driver for pdftex
))
\Gin@req@height=\dimen172
\Gin@req@width=\dimen173
)
(D:\WpSystem\S-1-5-21-3980317125-2991037478-2579826307-1003\AppData\Local\Packa
ges\MikTex\tex/latex/amsmath\amsmath.sty
Package: amsmath 2025/06/16 v2.17y AMS math features
\@mathmargin=\skip52

For additional information on amsmath, use the `?' option.

(D:\WpSystem\S-1-5-21-3980317125-2991037478-2579826307-1003\AppData\Local\Packa
ges\MikTex\tex/latex/amsmath\amstext.sty
Package: amstext 2024/11/17 v2.01 AMS text

(D:\WpSystem\S-1-5-21-3980317125-2991037478-2579826307-1003\AppData\Local\Packa
ges\MikTex\tex/latex/amsmath\amsgen.sty
File: amsgen.sty 1999/11/30 v2.0 generic functions
\@emptytoks=\toks19
\ex@=\dimen174
))
(D:\WpSystem\S-1-5-21-3980317125-2991037478-2579826307-1003\AppData\Local\Packa
ges\MikTex\tex/latex/amsmath\amsbsy.sty
Package: amsbsy 1999/11/29 v1.2d Bold Symbols
\pmbraise@=\dimen175
)
(D:\WpSystem\S-1-5-21-3980317125-2991037478-2579826307-1003\AppData\Local\Packa
ges\MikTex\tex/latex/amsmath\amsopn.sty
Package: amsopn 2022/04/08 v2.04 operator names
)
\inf@bad=\count290
LaTeX Info: Redefining \frac on input line 233.
\uproot@=\count291
\leftroot@=\count292
LaTeX Info: Redefining \overline on input line 398.
LaTeX Info: Redefining \colon on input line 409.
\classnum@=\count293
\DOTSCASE@=\count294
LaTeX Info: Redefining \ldots on input line 495.
LaTeX Info: Redefining \dots on input line 498.
LaTeX Info: Redefining \cdots on input line 619.
\Mathstrutbox@=\box55
\strutbox@=\box56
LaTeX Info: Redefining \big on input line 721.
LaTeX Info: Redefining \Big on input line 722.
LaTeX Info: Redefining \bigg on input line 723.
LaTeX Info: Redefining \Bigg on input line 724.
\big@size=\dimen176
LaTeX Font Info:    Redeclaring font encoding OML on input line 742.
LaTeX Font Info:    Redeclaring font encoding OMS on input line 743.
\macc@depth=\count295
LaTeX Info: Redefining \bmod on input line 904.
LaTeX Info: Redefining \pmod on input line 909.
LaTeX Info: Redefining \smash on input line 939.
LaTeX Info: Redefining \relbar on input line 969.
LaTeX Info: Redefining \Relbar on input line 970.
\c@MaxMatrixCols=\count296
\dotsspace@=\muskip17
\c@parentequation=\count297
\dspbrk@lvl=\count298
\tag@help=\toks20
\row@=\count299
\column@=\count300
\maxfields@=\count301
\andhelp@=\toks21
\eqnshift@=\dimen177
\alignsep@=\dimen178
\tagshift@=\dimen179
\tagwidth@=\dimen180
\totwidth@=\dimen181
\lineht@=\dimen182
\@envbody=\toks22
\multlinegap=\skip53
\multlinetaggap=\skip54
\mathdisplay@stack=\toks23
LaTeX Info: Redefining \[ on input line 2949.
LaTeX Info: Redefining \] on input line 2950.
)
(D:\WpSystem\S-1-5-21-3980317125-2991037478-2579826307-1003\AppData\Local\Packa
ges\MikTex\tex/latex/amsfonts\amssymb.sty
Package: amssymb 2013/01/14 v3.01 AMS font symbols

(D:\WpSystem\S-1-5-21-3980317125-2991037478-2579826307-1003\AppData\Local\Packa
ges\MikTex\tex/latex/amsfonts\amsfonts.sty
Package: amsfonts 2013/01/14 v3.01 Basic AMSFonts support
\symAMSa=\mathgroup4
\symAMSb=\mathgroup5
LaTeX Font Info:    Redeclaring math symbol \hbar on input line 98.
LaTeX Font Info:    Overwriting math alphabet `\mathfrak' in version `bold'
(Font)                  U/euf/m/n --> U/euf/b/n on input line 106.
))
(D:\WpSystem\S-1-5-21-3980317125-2991037478-2579826307-1003\AppData\Local\Packa
ges\MikTex\tex/latex/cite\cite.sty
LaTeX Info: Redefining \cite on input line 302.
LaTeX Info: Redefining \nocite on input line 332.
Package: cite 2015/02/27  v 5.5
)
(D:\WpSystem\S-1-5-21-3980317125-2991037478-2579826307-1003\AppData\Local\Packa
ges\MikTex\tex/latex/float\float.sty
Package: float 2001/11/08 v1.3d Float enhancements (AL)
\c@float@type=\count302
\float@exts=\toks24
\float@box=\box57
\@float@everytoks=\toks25
\@floatcapt=\box58
)
(D:\WpSystem\S-1-5-21-3980317125-2991037478-2579826307-1003\AppData\Local\Packa
ges\MikTex\tex/latex/booktabs\booktabs.sty
Package: booktabs 2020/01/12 v1.61803398 Publication quality tables
\heavyrulewidth=\dimen183
\lightrulewidth=\dimen184
\cmidrulewidth=\dimen185
\belowrulesep=\dimen186
\belowbottomsep=\dimen187
\aboverulesep=\dimen188
\abovetopsep=\dimen189
\cmidrulesep=\dimen190
\cmidrulekern=\dimen191
\defaultaddspace=\dimen192
\@cmidla=\count303
\@cmidlb=\count304
\@aboverulesep=\dimen193
\@belowrulesep=\dimen194
\@thisruleclass=\count305
\@lastruleclass=\count306
\@thisrulewidth=\dimen195
)
(D:\WpSystem\S-1-5-21-3980317125-2991037478-2579826307-1003\AppData\Local\Packa
ges\MikTex\tex/latex/caption\subcaption.sty
Package: subcaption 2023/07/28 v1.6b Sub-captions (AR)

(D:\WpSystem\S-1-5-21-3980317125-2991037478-2579826307-1003\AppData\Local\Packa
ges\MikTex\tex/latex/caption\caption.sty
Package: caption 2023/08/05 v3.6o Customizing captions (AR)

(D:\WpSystem\S-1-5-21-3980317125-2991037478-2579826307-1003\AppData\Local\Packa
ges\MikTex\tex/latex/caption\caption3.sty
Package: caption3 2023/07/31 v2.4d caption3 kernel (AR)
\caption@tempdima=\dimen196
\captionmargin=\dimen197
\caption@leftmargin=\dimen198
\caption@rightmargin=\dimen199
\caption@width=\dimen256
\caption@indent=\dimen257
\caption@parindent=\dimen258
\caption@hangindent=\dimen259
Package caption Info: Unknown document class (or package),
(caption)             standard defaults will be used.
Package caption Info: \@makecaption = \long macro:#1#2->\ifx \@captype \@IEEEta
blestring \footnotesize \bgroup \par \centering \@IEEEtabletopskipstrut {\norma
lfont \footnotesize #1}\\{\normalfont \footnotesize \scshape #2}\par \addvspace
 {0.5\baselineskip }\egroup \@IEEEtablecaptionsepspace \else \@IEEEfigurecaptio
nsepspace \setbox \@tempboxa \hbox {\normalfont \footnotesize {#1.}\nobreakspac
e \nobreakspace #2}\ifdim \wd \@tempboxa >\hsize \setbox \@tempboxa \hbox {\nor
malfont \footnotesize {#1.}\nobreakspace \nobreakspace }\parbox [t]{\hsize }{\n
ormalfont \footnotesize \noindent \unhbox \@tempboxa #2}\else \ifCLASSOPTIONcon
ference \hbox to\hsize {\normalfont \footnotesize \hfil \box \@tempboxa \hfil }
\else \hbox to\hsize {\normalfont \footnotesize \box \@tempboxa \hfil }\fi \fi 
\fi  on input line 1175.
)

Package caption Warning: Unknown document class (or package),
(caption)                standard defaults will be used.
See the caption package documentation for explanation.

\c@caption@flags=\count307
\c@continuedfloat=\count308
Package caption Info: float package is loaded.
)
Package caption Info: New subtype `subfigure' on input line 238.
\c@subfigure=\count309
Package caption Info: New subtype `subtable' on input line 238.
\c@subtable=\count310
)
(D:\WpSystem\S-1-5-21-3980317125-2991037478-2579826307-1003\AppData\Local\Packa
ges\MikTex\tex/latex/tools\tabularx.sty
Package: tabularx 2023/12/11 v2.12a `tabularx' package (DPC)

(D:\WpSystem\S-1-5-21-3980317125-2991037478-2579826307-1003\AppData\Local\Packa
ges\MikTex\tex/latex/tools\array.sty
Package: array 2025/06/08 v2.6j Tabular extension package (FMi)
\col@sep=\dimen260
\ar@mcellbox=\box59
\extrarowheight=\dimen261
\NC@list=\toks26
\extratabsurround=\skip55
\backup@length=\skip56
\ar@cellbox=\box60
)
\TX@col@width=\dimen262
\TX@old@table=\dimen263
\TX@old@col=\dimen264
\TX@target=\dimen265
\TX@delta=\dimen266
\TX@cols=\count311
\TX@ftn=\toks27
)
(D:\WpSystem\S-1-5-21-3980317125-2991037478-2579826307-1003\AppData\Local\Packa
ges\MikTex\tex/latex/l3backend\l3backend-pdftex.def
File: l3backend-pdftex.def 2025-06-09 L3 backend support: PDF output (pdfTeX)
\l__color_backend_stack_int=\count312
) (iee_report.aux)
\openout1 = `iee_report.aux'.

LaTeX Font Info:    Checking defaults for OML/cmm/m/it on input line 12.
LaTeX Font Info:    ... okay on input line 12.
LaTeX Font Info:    Checking defaults for OMS/cmsy/m/n on input line 12.
LaTeX Font Info:    ... okay on input line 12.
LaTeX Font Info:    Checking defaults for OT1/cmr/m/n on input line 12.
LaTeX Font Info:    ... okay on input line 12.
LaTeX Font Info:    Checking defaults for T1/cmr/m/n on input line 12.
LaTeX Font Info:    ... okay on input line 12.
LaTeX Font Info:    Checking defaults for TS1/cmr/m/n on input line 12.
LaTeX Font Info:    ... okay on input line 12.
LaTeX Font Info:    Checking defaults for OMX/cmex/m/n on input line 12.
LaTeX Font Info:    ... okay on input line 12.
LaTeX Font Info:    Checking defaults for U/cmr/m/n on input line 12.
LaTeX Font Info:    ... okay on input line 12.

-- Lines per column: 58 (exact).

(D:\WpSystem\S-1-5-21-3980317125-2991037478-2579826307-1003\AppData\Local\Packa
ges\MikTex\tex/context/base/mkii\supp-pdf.mkii
[Loading MPS to PDF converter (version 2006.09.02).]
\scratchcounter=\count313
\scratchdimen=\dimen267
\scratchbox=\box61
\nofMPsegments=\count314
\nofMParguments=\count315
\everyMPshowfont=\toks28
\MPscratchCnt=\count316
\MPscratchDim=\dimen268
\MPnumerator=\count317
\makeMPintoPDFobject=\count318
\everyMPtoPDFconversion=\toks29
)
(D:\WpSystem\S-1-5-21-3980317125-2991037478-2579826307-1003\AppData\Local\Packa
ges\MikTex\tex/latex/epstopdf-pkg\epstopdf-base.sty
Package: epstopdf-base 2020-01-24 v2.11 Base part for package epstopdf
Package epstopdf-base Info: Redefining graphics rule for `.eps' on input line 4
85.

(D:\WpSystem\S-1-5-21-3980317125-2991037478-2579826307-1003\AppData\Local\Packa
ges\MikTex\tex/latex/00miktex\epstopdf-sys.cfg
File: epstopdf-sys.cfg 2021/03/18 v2.0 Configuration of epstopdf for MiKTeX
))
Package caption Info: Begin \AtBeginDocument code.
Package caption Info: End \AtBeginDocument code.

Underfull \hbox (badness 4391) in paragraph at lines 22--22
[][][]\OT1/ptm/m/n/8 Department of Elec-tron-ics and Com-mu-ni-ca-tion En-gi-ne
er-ing, Ra-jiv
 []


Underfull \hbox (badness 2005) in paragraph at lines 22--22
\OT1/ptm/m/n/8 Gandhi Uni-ver-sity of Knowl-edge Tech-nolo-gies, Nuzvid, In-dia
 (email:
 []



<architecture_model.png, id=1, 426.84468pt x 459.21562pt>
File: architecture_model.png Graphic file (type png)
<use architecture_model.png>
Package pdftex.def Info: architecture_model.png  used on input line 65.
(pdftex.def)             Requested size: 226.79846pt x 244.00674pt.


[1{C:/Users/inavarS/AppData/Local/MiKTeX/fonts/map/pdftex/pdftex.map}{D:/WpSyst
em/S-1-5-21-3980317125-2991037478-2579826307-1003/AppData/Local/Packages/MikTex
/fonts/enc/dvips/base/8r.enc}


 <./architecture_model.png>]
<Pre_processing_Adv.png, id=11, 474.27188pt x 661.72218pt>
File: Pre_processing_Adv.png Graphic file (type png)
<use Pre_processing_Adv.png>
Package pdftex.def Info: Pre_processing_Adv.png  used on input line 82.
(pdftex.def)             Requested size: 214.20154pt x 298.86272pt.


<confusion_matrix.png, id=12, 443.40656pt x 342.5297pt>
File: confusion_matrix.png Graphic file (type png)
<use confusion_matrix.png>
Package pdftex.def Info: confusion_matrix.png  used on input line 108.
(pdftex.def)             Requested size: 189.0pt x 146.00438pt.
<Raspberry Pi Workflow.png, id=13, 770.88pt x 164.86594pt>
File: Raspberry Pi Workflow.png Graphic file (type png)
<use Raspberry Pi Workflow.png>
Package pdftex.def Info: Raspberry Pi Workflow.png  used on input line 121.
(pdftex.def)             Requested size: 226.79846pt x 48.5042pt.


[2 <./Pre_processing_Adv.png> <./confusion_matrix.png> <./Raspberry Pi Workflow
.png>] (iee_report.aux)
 ***********
LaTeX2e <2025-06-01> patch level 1
L3 programming layer <2025-09-02>
 ***********
 ) 
Here is how much of TeX's memory you used:
 5161 strings out of 468080
 90844 string characters out of 5404596
 491511 words of memory out of 5000000
 33815 multiletter control sequences out of 15000+600000
 658166 words of font info for 89 fonts, out of 8000000 for 9000
 1141 hyphenation exceptions out of 8191
 67i,6n,77p,309b,286s stack positions out of 10000i,1000n,20000p,200000b,200000s
<D:/WpSystem/S-1-5-21-3980317125-2991037478-2579826307-1003/AppData/Local/Pac
kages/MikTex/fonts/type1/urw/times/utmb8a.pfb><D:/WpSystem/S-1-5-21-3980317125-
2991037478-2579826307-1003/AppData/Local/Packages/MikTex/fonts/type1/urw/times/
utmbi8a.pfb><D:/WpSystem/S-1-5-21-3980317125-2991037478-2579826307-1003/AppData
/Local/Packages/MikTex/fonts/type1/urw/times/utmr8a.pfb><D:/WpSystem/S-1-5-21-3
980317125-2991037478-2579826307-1003/AppData/Local/Packages/MikTex/fonts/type1/
urw/times/utmri8a.pfb>
Output written on iee_report.pdf (2 pages, 1197608 bytes).
PDF statistics:
 39 PDF objects out of 1000 (max. 8388607)
 0 named destinations out of 1000 (max. 500000)
 21 words of extra memory for PDF output out of 10000 (max. 10000000)

